# JRE version: Java(TM) SE Runtime Environment (14.0.1+7) (build 14.0.1+7)
# Java VM: Java HotSpot(TM) 64-Bit Server VM (14.0.1+7, mixed mode, sharing, tiered, compressed oops, g1 gc, windows-amd64)
Heap:
 garbage-first heap   total 771072K, used 135137K [0x0000000080000000, 0x0000000100000000)
  region size 1024K, 1 young (1024K), 1 survivors (1024K)
 Metaspace       used 29699K, capacity 31034K, committed 31232K, reserved 1077248K
  class space    used 3445K, capacity 4069K, committed 4096K, reserved 1048576K
GC Heap History (20 events):
Event: 8.093 GC heap after
{Heap after GC invocations=65 (full 29):
 garbage-first heap   total 257024K, used 119292K [0x0000000080000000, 0x0000000100000000)
  region size 1024K, 1 young (1024K), 1 survivors (1024K)
 Metaspace       used 29595K, capacity 30906K, committed 30976K, reserved 1077248K
  class space    used 3438K, capacity 4069K, committed 4096K, reserved 1048576K
}
Event: 8.123 GC heap before
{Heap before GC invocations=65 (full 29):
 garbage-first heap   total 257024K, used 122364K [0x0000000080000000, 0x0000000100000000)
  region size 1024K, 4 young (4096K), 1 survivors (1024K)
 Metaspace       used 29595K, capacity 30906K, committed 30976K, reserved 1077248K
  class space    used 3438K, capacity 4069K, committed 4096K, reserved 1048576K
}
Event: 8.173 GC heap after
{Heap after GC invocations=66 (full 30):
 garbage-first heap   total 257024K, used 119397K [0x0000000080000000, 0x0000000100000000)
  region size 1024K, 0 young (0K), 0 survivors (0K)
 Metaspace       used 29595K, capacity 30906K, committed 30976K, reserved 1077248K
  class space    used 3438K, capacity 4069K, committed 4096K, reserved 1048576K
}
Event: 8.174 GC heap before
{Heap before GC invocations=66 (full 30):
 garbage-first heap   total 257024K, used 119397K [0x0000000080000000, 0x0000000100000000)
  region size 1024K, 1 young (1024K), 0 survivors (0K)
 Metaspace       used 29595K, capacity 30906K, committed 30976K, reserved 1077248K
  class space    used 3438K, capacity 4069K, committed 4096K, reserved 1048576K
}
Event: 8.175 GC heap after
{Heap after GC invocations=67 (full 30):
 garbage-first heap   total 257024K, used 119567K [0x0000000080000000, 0x0000000100000000)
  region size 1024K, 1 young (1024K), 1 survivors (1024K)
 Metaspace       used 29595K, capacity 30906K, committed 30976K, reserved 1077248K
  class space    used 3438K, capacity 4069K, committed 4096K, reserved 1048576K
}
Event: 8.188 GC heap before
{Heap before GC invocations=67 (full 30):
 garbage-first heap   total 257024K, used 126735K [0x0000000080000000, 0x0000000100000000)
  region size 1024K, 2 young (2048K), 1 survivors (1024K)
 Metaspace       used 29595K, capacity 30906K, committed 30976K, reserved 1077248K
  class space    used 3438K, capacity 4069K, committed 4096K, reserved 1048576K
}
Event: 8.234 GC heap after
{Heap after GC invocations=68 (full 31):
 garbage-first heap   total 257024K, used 126576K [0x0000000080000000, 0x0000000100000000)
  region size 1024K, 0 young (0K), 0 survivors (0K)
 Metaspace       used 29595K, capacity 30906K, committed 30976K, reserved 1077248K
  class space    used 3438K, capacity 4069K, committed 4096K, reserved 1048576K
}
Event: 8.235 GC heap before
{Heap before GC invocations=68 (full 31):
 garbage-first heap   total 257024K, used 126576K [0x0000000080000000, 0x0000000100000000)
  region size 1024K, 1 young (1024K), 0 survivors (0K)
 Metaspace       used 29595K, capacity 30906K, committed 30976K, reserved 1077248K
  class space    used 3438K, capacity 4069K, committed 4096K, reserved 1048576K
}
Event: 8.236 GC heap after
{Heap after GC invocations=69 (full 31):
 garbage-first heap   total 257024K, used 126661K [0x0000000080000000, 0x0000000100000000)
  region size 1024K, 1 young (1024K), 1 survivors (1024K)
 Metaspace       used 29595K, capacity 30906K, committed 30976K, reserved 1077248K
  class space    used 3438K, capacity 4069K, committed 4096K, reserved 1048576K
}
Event: 8.239 GC heap before
{Heap before GC invocations=69 (full 31):
 garbage-first heap   total 257024K, used 129733K [0x0000000080000000, 0x0000000100000000)
  region size 1024K, 4 young (4096K), 1 survivors (1024K)
 Metaspace       used 29595K, capacity 30906K, committed 30976K, reserved 1077248K
  class space    used 3438K, capacity 4069K, committed 4096K, reserved 1048576K
}
Event: 8.286 GC heap after
{Heap after GC invocations=70 (full 32):
 garbage-first heap   total 257024K, used 127237K [0x0000000080000000, 0x0000000100000000)
  region size 1024K, 0 young (0K), 0 survivors (0K)
 Metaspace       used 29595K, capacity 30906K, committed 30976K, reserved 1077248K
  class space    used 3438K, capacity 4069K, committed 4096K, reserved 1048576K
}
Event: 8.294 GC heap before
{Heap before GC invocations=70 (full 32):
 garbage-first heap   total 257024K, used 127237K [0x0000000080000000, 0x0000000100000000)
  region size 1024K, 1 young (1024K), 0 survivors (0K)
 Metaspace       used 29665K, capacity 30970K, committed 31232K, reserved 1077248K
  class space    used 3441K, capacity 4069K, committed 4096K, reserved 1048576K
}
Event: 8.295 GC heap after
{Heap after GC invocations=71 (full 32):
 garbage-first heap   total 257024K, used 127305K [0x0000000080000000, 0x0000000100000000)
  region size 1024K, 1 young (1024K), 1 survivors (1024K)
 Metaspace       used 29665K, capacity 30970K, committed 31232K, reserved 1077248K
  class space    used 3441K, capacity 4069K, committed 4096K, reserved 1048576K
}
Event: 8.303 GC heap before
{Heap before GC invocations=71 (full 32):
 garbage-first heap   total 257024K, used 134473K [0x0000000080000000, 0x0000000100000000)
  region size 1024K, 2 young (2048K), 1 survivors (1024K)
 Metaspace       used 29665K, capacity 30970K, committed 31232K, reserved 1077248K
  class space    used 3441K, capacity 4069K, committed 4096K, reserved 1048576K
}
Event: 8.353 GC heap after
{Heap after GC invocations=72 (full 33):
 garbage-first heap   total 257024K, used 134468K [0x0000000080000000, 0x0000000100000000)
  region size 1024K, 0 young (0K), 0 survivors (0K)
 Metaspace       used 29665K, capacity 30970K, committed 31232K, reserved 1077248K
  class space    used 3441K, capacity 4069K, committed 4096K, reserved 1048576K
}
Event: 8.354 GC heap before
{Heap before GC invocations=72 (full 33):
 garbage-first heap   total 257024K, used 134468K [0x0000000080000000, 0x0000000100000000)
  region size 1024K, 1 young (1024K), 0 survivors (0K)
 Metaspace       used 29665K, capacity 30970K, committed 31232K, reserved 1077248K
  class space    used 3441K, capacity 4069K, committed 4096K, reserved 1048576K
}
Event: 8.355 GC heap after
{Heap after GC invocations=73 (full 33):
 garbage-first heap   total 257024K, used 134516K [0x0000000080000000, 0x0000000100000000)
  region size 1024K, 1 young (1024K), 1 survivors (1024K)
 Metaspace       used 29665K, capacity 30970K, committed 31232K, reserved 1077248K
  class space    used 3441K, capacity 4069K, committed 4096K, reserved 1048576K
}
Event: 8.359 GC heap before
{Heap before GC invocations=73 (full 33):
 garbage-first heap   total 257024K, used 137588K [0x0000000080000000, 0x0000000100000000)
  region size 1024K, 4 young (4096K), 1 survivors (1024K)
 Metaspace       used 29666K, capacity 30970K, committed 31232K, reserved 1077248K
  class space    used 3441K, capacity 4069K, committed 4096K, reserved 1048576K
}
Event: 8.405 GC heap after
{Heap after GC invocations=74 (full 34):
 garbage-first heap   total 257024K, used 135129K [0x0000000080000000, 0x0000000100000000)
  region size 1024K, 0 young (0K), 0 survivors (0K)
 Metaspace       used 29666K, capacity 30970K, committed 31232K, reserved 1077248K
  class space    used 3441K, capacity 4069K, committed 4096K, reserved 1048576K
}
Event: 8.424 GC heap before
{Heap before GC invocations=74 (full 34):
 garbage-first heap   total 257024K, used 140249K [0x0000000080000000, 0x0000000100000000)
  region size 1024K, 6 young (6144K), 0 survivors (0K)
 Metaspace       used 29699K, capacity 31034K, committed 31232K, reserved 1077248K
  class space    used 3445K, capacity 4069K, committed 4096K, reserved 1048576K
}

