# JRE version: Java(TM) SE Runtime Environment (14.0.1+7) (build 14.0.1+7)
# Java VM: Java HotSpot(TM) 64-Bit Server VM (14.0.1+7, mixed mode, sharing, tiered, compressed oops, g1 gc, windows-amd64)
Heap:
 garbage-first heap   total 789504K, used 142921K [0x0000000080000000, 0x0000000100000000)
  region size 1024K, 1 young (1024K), 1 survivors (1024K)
 Metaspace       used 29678K, capacity 30958K, committed 31232K, reserved 1077248K
  class space    used 3447K, capacity 4069K, committed 4096K, reserved 1048576K
GC Heap History (20 events):
Event: 8.372 GC heap after
{Heap after GC invocations=67 (full 31):
 garbage-first heap   total 263168K, used 126624K [0x0000000080000000, 0x0000000100000000)
  region size 1024K, 1 young (1024K), 1 survivors (1024K)
 Metaspace       used 29575K, capacity 30830K, committed 30976K, reserved 1077248K
  class space    used 3440K, capacity 4069K, committed 4096K, reserved 1048576K
}
Event: 8.376 GC heap before
{Heap before GC invocations=67 (full 31):
 garbage-first heap   total 263168K, used 129696K [0x0000000080000000, 0x0000000100000000)
  region size 1024K, 4 young (4096K), 1 survivors (1024K)
 Metaspace       used 29575K, capacity 30830K, committed 30976K, reserved 1077248K
  class space    used 3440K, capacity 4069K, committed 4096K, reserved 1048576K
}
Event: 8.425 GC heap after
{Heap after GC invocations=68 (full 32):
 garbage-first heap   total 263168K, used 127202K [0x0000000080000000, 0x0000000100000000)
  region size 1024K, 0 young (0K), 0 survivors (0K)
 Metaspace       used 29575K, capacity 30830K, committed 30976K, reserved 1077248K
  class space    used 3440K, capacity 4069K, committed 4096K, reserved 1048576K
}
Event: 8.436 GC heap before
{Heap before GC invocations=68 (full 32):
 garbage-first heap   total 263168K, used 127202K [0x0000000080000000, 0x0000000100000000)
  region size 1024K, 1 young (1024K), 0 survivors (0K)
 Metaspace       used 29644K, capacity 30894K, committed 30976K, reserved 1077248K
  class space    used 3444K, capacity 4069K, committed 4096K, reserved 1048576K
}
Event: 8.437 GC heap after
{Heap after GC invocations=69 (full 32):
 garbage-first heap   total 263168K, used 127269K [0x0000000080000000, 0x0000000100000000)
  region size 1024K, 1 young (1024K), 1 survivors (1024K)
 Metaspace       used 29644K, capacity 30894K, committed 30976K, reserved 1077248K
  class space    used 3444K, capacity 4069K, committed 4096K, reserved 1048576K
}
Event: 8.455 GC heap before
{Heap before GC invocations=69 (full 32):
 garbage-first heap   total 263168K, used 134437K [0x0000000080000000, 0x0000000100000000)
  region size 1024K, 2 young (2048K), 1 survivors (1024K)
 Metaspace       used 29644K, capacity 30894K, committed 30976K, reserved 1077248K
  class space    used 3444K, capacity 4069K, committed 4096K, reserved 1048576K
}
Event: 8.513 GC heap after
{Heap after GC invocations=70 (full 33):
 garbage-first heap   total 263168K, used 134433K [0x0000000080000000, 0x0000000100000000)
  region size 1024K, 0 young (0K), 0 survivors (0K)
 Metaspace       used 29644K, capacity 30894K, committed 30976K, reserved 1077248K
  class space    used 3444K, capacity 4069K, committed 4096K, reserved 1048576K
}
Event: 8.514 GC heap before
{Heap before GC invocations=70 (full 33):
 garbage-first heap   total 263168K, used 134433K [0x0000000080000000, 0x0000000100000000)
  region size 1024K, 1 young (1024K), 0 survivors (0K)
 Metaspace       used 29644K, capacity 30894K, committed 30976K, reserved 1077248K
  class space    used 3444K, capacity 4069K, committed 4096K, reserved 1048576K
}
Event: 8.515 GC heap after
{Heap after GC invocations=71 (full 33):
 garbage-first heap   total 263168K, used 134481K [0x0000000080000000, 0x0000000100000000)
  region size 1024K, 1 young (1024K), 1 survivors (1024K)
 Metaspace       used 29644K, capacity 30894K, committed 30976K, reserved 1077248K
  class space    used 3444K, capacity 4069K, committed 4096K, reserved 1048576K
}
Event: 8.518 GC heap before
{Heap before GC invocations=71 (full 33):
 garbage-first heap   total 263168K, used 137553K [0x0000000080000000, 0x0000000100000000)
  region size 1024K, 4 young (4096K), 1 survivors (1024K)
 Metaspace       used 29644K, capacity 30894K, committed 30976K, reserved 1077248K
  class space    used 3444K, capacity 4069K, committed 4096K, reserved 1048576K
}
Event: 8.571 GC heap after
{Heap after GC invocations=72 (full 34):
 garbage-first heap   total 263168K, used 135094K [0x0000000080000000, 0x0000000100000000)
  region size 1024K, 0 young (0K), 0 survivors (0K)
 Metaspace       used 29644K, capacity 30894K, committed 30976K, reserved 1077248K
  class space    used 3444K, capacity 4069K, committed 4096K, reserved 1048576K
}
Event: 8.600 GC heap before
{Heap before GC invocations=72 (full 34):
 garbage-first heap   total 263168K, used 140214K [0x0000000080000000, 0x0000000100000000)
  region size 1024K, 6 young (6144K), 0 survivors (0K)
 Metaspace       used 29678K, capacity 30958K, committed 31232K, reserved 1077248K
  class space    used 3447K, capacity 4069K, committed 4096K, reserved 1048576K
}
Event: 8.601 GC heap after
{Heap after GC invocations=73 (full 34):
 garbage-first heap   total 263168K, used 135136K [0x0000000080000000, 0x0000000100000000)
  region size 1024K, 1 young (1024K), 1 survivors (1024K)
 Metaspace       used 29678K, capacity 30958K, committed 31232K, reserved 1077248K
  class space    used 3447K, capacity 4069K, committed 4096K, reserved 1048576K
}
Event: 8.613 GC heap before
{Heap before GC invocations=73 (full 34):
 garbage-first heap   total 263168K, used 142304K [0x0000000080000000, 0x0000000100000000)
  region size 1024K, 2 young (2048K), 1 survivors (1024K)
 Metaspace       used 29678K, capacity 30958K, committed 31232K, reserved 1077248K
  class space    used 3447K, capacity 4069K, committed 4096K, reserved 1048576K
}
Event: 8.666 GC heap after
{Heap after GC invocations=74 (full 35):
 garbage-first heap   total 263168K, used 142257K [0x0000000080000000, 0x0000000100000000)
  region size 1024K, 0 young (0K), 0 survivors (0K)
 Metaspace       used 29678K, capacity 30958K, committed 31232K, reserved 1077248K
  class space    used 3447K, capacity 4069K, committed 4096K, reserved 1048576K
}
Event: 8.667 GC heap before
{Heap before GC invocations=74 (full 35):
 garbage-first heap   total 263168K, used 142257K [0x0000000080000000, 0x0000000100000000)
  region size 1024K, 1 young (1024K), 0 survivors (0K)
 Metaspace       used 29678K, capacity 30958K, committed 31232K, reserved 1077248K
  class space    used 3447K, capacity 4069K, committed 4096K, reserved 1048576K
}
Event: 8.668 GC heap after
{Heap after GC invocations=75 (full 35):
 garbage-first heap   total 263168K, used 142301K [0x0000000080000000, 0x0000000100000000)
  region size 1024K, 1 young (1024K), 1 survivors (1024K)
 Metaspace       used 29678K, capacity 30958K, committed 31232K, reserved 1077248K
  class space    used 3447K, capacity 4069K, committed 4096K, reserved 1048576K
}
Event: 8.672 GC heap before
{Heap before GC invocations=75 (full 35):
 garbage-first heap   total 263168K, used 145373K [0x0000000080000000, 0x0000000100000000)
  region size 1024K, 4 young (4096K), 1 survivors (1024K)
 Metaspace       used 29678K, capacity 30958K, committed 31232K, reserved 1077248K
  class space    used 3447K, capacity 4069K, committed 4096K, reserved 1048576K
}
Event: 8.723 GC heap after
{Heap after GC invocations=76 (full 36):
 garbage-first heap   total 263168K, used 142917K [0x0000000080000000, 0x0000000100000000)
  region size 1024K, 0 young (0K), 0 survivors (0K)
 Metaspace       used 29678K, capacity 30958K, committed 31232K, reserved 1077248K
  class space    used 3447K, capacity 4069K, committed 4096K, reserved 1048576K
}
Event: 8.738 GC heap before
{Heap before GC invocations=76 (full 36):
 garbage-first heap   total 263168K, used 142917K [0x0000000080000000, 0x0000000100000000)
  region size 1024K, 1 young (1024K), 0 survivors (0K)
 Metaspace       used 29678K, capacity 30958K, committed 31232K, reserved 1077248K
  class space    used 3447K, capacity 4069K, committed 4096K, reserved 1048576K
}

