# JRE version: Java(TM) SE Runtime Environment (14.0.1+7) (build 14.0.1+7)
# Java VM: Java HotSpot(TM) 64-Bit Server VM (14.0.1+7, mixed mode, sharing, tiered, compressed oops, g1 gc, windows-amd64)
Heap:
 garbage-first heap   total 1058816K, used 175540K [0x0000000080000000, 0x0000000100000000)
  region size 1024K, 1 young (1024K), 1 survivors (1024K)
 Metaspace       used 30213K, capacity 31600K, committed 31872K, reserved 1077248K
  class space    used 3479K, capacity 4125K, committed 4224K, reserved 1048576K
GC Heap History (20 events):
Event: 10.590 GC heap after
{Heap after GC invocations=99 (full 45):
 garbage-first heap   total 366592K, used 158506K [0x0000000080000000, 0x0000000100000000)
  region size 1024K, 0 young (0K), 0 survivors (0K)
 Metaspace       used 30066K, capacity 31384K, committed 31616K, reserved 1077248K
  class space    used 3466K, capacity 4103K, committed 4224K, reserved 1048576K
}
Event: 10.594 GC heap before
{Heap before GC invocations=99 (full 45):
 garbage-first heap   total 366592K, used 161578K [0x0000000080000000, 0x0000000100000000)
  region size 1024K, 3 young (3072K), 0 survivors (0K)
 Metaspace       used 30067K, capacity 31384K, committed 31616K, reserved 1077248K
  class space    used 3466K, capacity 4103K, committed 4224K, reserved 1048576K
}
Event: 10.654 GC heap after
{Heap after GC invocations=100 (full 46):
 garbage-first heap   total 366592K, used 158828K [0x0000000080000000, 0x0000000100000000)
  region size 1024K, 0 young (0K), 0 survivors (0K)
 Metaspace       used 30067K, capacity 31384K, committed 31616K, reserved 1077248K
  class space    used 3466K, capacity 4103K, committed 4224K, reserved 1048576K
}
Event: 10.663 GC heap before
{Heap before GC invocations=100 (full 46):
 garbage-first heap   total 366592K, used 164972K [0x0000000080000000, 0x0000000100000000)
  region size 1024K, 1 young (1024K), 0 survivors (0K)
 Metaspace       used 30072K, capacity 31390K, committed 31616K, reserved 1077248K
  class space    used 3467K, capacity 4104K, committed 4224K, reserved 1048576K
}
Event: 10.664 GC heap after
{Heap after GC invocations=101 (full 46):
 garbage-first heap   total 366592K, used 165038K [0x0000000080000000, 0x0000000100000000)
  region size 1024K, 1 young (1024K), 1 survivors (1024K)
 Metaspace       used 30072K, capacity 31390K, committed 31616K, reserved 1077248K
  class space    used 3467K, capacity 4104K, committed 4224K, reserved 1048576K
}
Event: 10.665 GC heap before
{Heap before GC invocations=101 (full 46):
 garbage-first heap   total 366592K, used 166062K [0x0000000080000000, 0x0000000100000000)
  region size 1024K, 2 young (2048K), 1 survivors (1024K)
 Metaspace       used 30072K, capacity 31390K, committed 31616K, reserved 1077248K
  class space    used 3467K, capacity 4104K, committed 4224K, reserved 1048576K
}
Event: 10.716 GC heap after
{Heap after GC invocations=102 (full 47):
 garbage-first heap   total 366592K, used 166012K [0x0000000080000000, 0x0000000100000000)
  region size 1024K, 0 young (0K), 0 survivors (0K)
 Metaspace       used 30072K, capacity 31390K, committed 31616K, reserved 1077248K
  class space    used 3467K, capacity 4104K, committed 4224K, reserved 1048576K
}
Event: 10.717 GC heap before
{Heap before GC invocations=102 (full 47):
 garbage-first heap   total 366592K, used 166012K [0x0000000080000000, 0x0000000100000000)
  region size 1024K, 1 young (1024K), 0 survivors (0K)
 Metaspace       used 30072K, capacity 31390K, committed 31616K, reserved 1077248K
  class space    used 3467K, capacity 4104K, committed 4224K, reserved 1048576K
}
Event: 10.718 GC heap after
{Heap after GC invocations=103 (full 47):
 garbage-first heap   total 366592K, used 166060K [0x0000000080000000, 0x0000000100000000)
  region size 1024K, 1 young (1024K), 1 survivors (1024K)
 Metaspace       used 30072K, capacity 31390K, committed 31616K, reserved 1077248K
  class space    used 3467K, capacity 4104K, committed 4224K, reserved 1048576K
}
Event: 10.722 GC heap before
{Heap before GC invocations=103 (full 47):
 garbage-first heap   total 366592K, used 169132K [0x0000000080000000, 0x0000000100000000)
  region size 1024K, 4 young (4096K), 1 survivors (1024K)
 Metaspace       used 30073K, capacity 31390K, committed 31616K, reserved 1077248K
  class space    used 3467K, capacity 4104K, committed 4224K, reserved 1048576K
}
Event: 10.775 GC heap after
{Heap after GC invocations=104 (full 48):
 garbage-first heap   total 366592K, used 166667K [0x0000000080000000, 0x0000000100000000)
  region size 1024K, 0 young (0K), 0 survivors (0K)
 Metaspace       used 30073K, capacity 31390K, committed 31616K, reserved 1077248K
  class space    used 3467K, capacity 4104K, committed 4224K, reserved 1048576K
}
Event: 10.776 GC heap before
{Heap before GC invocations=104 (full 48):
 garbage-first heap   total 366592K, used 166667K [0x0000000080000000, 0x0000000100000000)
  region size 1024K, 1 young (1024K), 0 survivors (0K)
 Metaspace       used 30073K, capacity 31390K, committed 31616K, reserved 1077248K
  class space    used 3467K, capacity 4104K, committed 4224K, reserved 1048576K
}
Event: 10.777 GC heap after
{Heap after GC invocations=105 (full 48):
 garbage-first heap   total 366592K, used 166672K [0x0000000080000000, 0x0000000100000000)
  region size 1024K, 1 young (1024K), 1 survivors (1024K)
 Metaspace       used 30073K, capacity 31390K, committed 31616K, reserved 1077248K
  class space    used 3467K, capacity 4104K, committed 4224K, reserved 1048576K
}
Event: 10.784 GC heap before
{Heap before GC invocations=105 (full 48):
 garbage-first heap   total 366592K, used 173840K [0x0000000080000000, 0x0000000100000000)
  region size 1024K, 2 young (2048K), 1 survivors (1024K)
 Metaspace       used 30073K, capacity 31390K, committed 31616K, reserved 1077248K
  class space    used 3467K, capacity 4104K, committed 4224K, reserved 1048576K
}
Event: 10.843 GC heap after
{Heap after GC invocations=106 (full 49):
 garbage-first heap   total 366592K, used 173846K [0x0000000080000000, 0x0000000100000000)
  region size 1024K, 0 young (0K), 0 survivors (0K)
 Metaspace       used 30073K, capacity 31390K, committed 31616K, reserved 1077248K
  class space    used 3467K, capacity 4104K, committed 4224K, reserved 1048576K
}
Event: 10.847 GC heap before
{Heap before GC invocations=106 (full 49):
 garbage-first heap   total 366592K, used 173846K [0x0000000080000000, 0x0000000100000000)
  region size 1024K, 1 young (1024K), 0 survivors (0K)
 Metaspace       used 30078K, capacity 31390K, committed 31616K, reserved 1077248K
  class space    used 3467K, capacity 4104K, committed 4224K, reserved 1048576K
}
Event: 10.848 GC heap after
{Heap after GC invocations=107 (full 49):
 garbage-first heap   total 366592K, used 173891K [0x0000000080000000, 0x0000000100000000)
  region size 1024K, 1 young (1024K), 1 survivors (1024K)
 Metaspace       used 30078K, capacity 31390K, committed 31616K, reserved 1077248K
  class space    used 3467K, capacity 4104K, committed 4224K, reserved 1048576K
}
Event: 10.855 GC heap before
{Heap before GC invocations=107 (full 49):
 garbage-first heap   total 366592K, used 176963K [0x0000000080000000, 0x0000000100000000)
  region size 1024K, 4 young (4096K), 1 survivors (1024K)
 Metaspace       used 30078K, capacity 31390K, committed 31616K, reserved 1077248K
  class space    used 3467K, capacity 4104K, committed 4224K, reserved 1048576K
}
Event: 10.909 GC heap after
{Heap after GC invocations=108 (full 50):
 garbage-first heap   total 366592K, used 174530K [0x0000000080000000, 0x0000000100000000)
  region size 1024K, 0 young (0K), 0 survivors (0K)
 Metaspace       used 30078K, capacity 31390K, committed 31616K, reserved 1077248K
  class space    used 3467K, capacity 4104K, committed 4224K, reserved 1048576K
}
Event: 11.720 GC heap before
{Heap before GC invocations=108 (full 50):
 garbage-first heap   total 366592K, used 184770K [0x0000000080000000, 0x0000000100000000)
  region size 1024K, 11 young (11264K), 0 survivors (0K)
 Metaspace       used 30213K, capacity 31600K, committed 31872K, reserved 1077248K
  class space    used 3479K, capacity 4125K, committed 4224K, reserved 1048576K
}

