<?xml version="1.0" encoding="UTF-8"?>
<!-- Generated by org.testng.reporters.JUnitXMLReporter -->
<testsuite ignored="0" hostname="qeWindowsVM-Bac" failures="1" tests="1" name="Test1" time="8.912" errors="0" timestamp="07 Sep 2020 09:10:49 GMT">
  <testcase classname="com.abb.dias.api.automation.test.kshtest.SuiteApiServiceExecutionTest" name="runtest" time="8.681">
    <failure type="java.lang.NullPointerException">
      <![CDATA[java.lang.NullPointerException
at com.abb.dias.api.automation.page.kshpages.SuiteApiServiceExecutionPage.executeKshApisServices(SuiteApiServiceExecutionPage.java:421)
at com.abb.dias.api.automation.test.kshtest.SuiteApiServiceExecutionTest.runtest(SuiteApiServiceExecutionTest.java:38)
at java.base/java.util.concurrent.FutureTask.run(FutureTask.java:264)
at java.base/java.util.concurrent.ThreadPoolExecutor.runWorker(ThreadPoolExecutor.java:1130)
at java.base/java.util.concurrent.ThreadPoolExecutor$Worker.run(ThreadPoolExecutor.java:630)
at java.base/java.lang.Thread.run(Thread.java:832)
... Removed 16 stack frames]]>
    </failure>
  </testcase> <!-- runtest -->
</testsuite> <!-- Test1 -->
