<?xml version="1.0" encoding="UTF-8"?>
<testng-results skipped="0" failed="0" ignored="0" total="1" passed="1">
  <reporter-output>
    <line>
      <![CDATA[kSH Api services Execution has started]]>
    </line>
    <line>
      <![CDATA[The S.No of test case about to execute :454 &  Testcase id is: 7869 &  Number of repetition 1]]>
    </line>
    <line>
      <![CDATA[++++the parameterixdd body+++]]>
    </line>
    <line>
      <![CDATA[Parameterized Json Request Body is :: ]]>
    </line>
    <line>
      <![CDATA[++++the end point url before paramaterized+++/api/role/]]>
    </line>
    <line>
      <![CDATA[Parameterized end point url  is :: /api/role/]]>
    </line>
    <line>
      <![CDATA[++++++The parameterized url ::++++++ /api/role/]]>
    </line>
    <line>
      <![CDATA[The API URL is: https://genix-qe-r02.westeurope.cloudapp.azure.com/ph//api/role/]]>
    </line>
    <line>
      <![CDATA[The Token Response time is:2337 Milli seconds]]>
    </line>
    <line>
      <![CDATA[The Response status code for Token generation API is:401]]>
    </line>
    <line>
      <![CDATA[The respone time is : 809 Milli seconds]]>
    </line>
    <line>
      <![CDATA[The response status code for post request is :401]]>
    </line>
    <line>
      <![CDATA[The S.No of test case executed is :454 &  Testcase id is: 7869 &  Number of repetition 1]]>
    </line>
    <line>
      <![CDATA[Get Roles Respone code is  :401 VS Expected Response code is :200]]>
    </line>
    <line>
      <![CDATA[The S.No of test case about to execute :455 &  Testcase id is: 7871 &  Number of repetition 1]]>
    </line>
    <line>
      <![CDATA[++++the parameterixdd body+++{
    "name": "{{Role_Name}}",
    "description": "{{Role_Description}}",
    "members": [
        "{{Members}}"
    ]
}]]>
    </line>
    <line>
      <![CDATA[Parameterized Json Request Body is :: {
    "name": "Automation1",
    "description": "Automation1",
    "members": [
        "sheetal.arveti@in.abb.com"
    ]
}]]>
    </line>
    <line>
      <![CDATA[++++the end point url before paramaterized+++/api/role]]>
    </line>
    <line>
      <![CDATA[Parameterized end point url  is :: /api/role]]>
    </line>
    <line>
      <![CDATA[++++++The parameterized url ::++++++ /api/role]]>
    </line>
    <line>
      <![CDATA[The API URL is: https://genix-qe-r02.westeurope.cloudapp.azure.com/ph//api/role]]>
    </line>
    <line>
      <![CDATA[The Token Response time is:2167 Milli seconds]]>
    </line>
    <line>
      <![CDATA[The Response status code for Token generation API is:401]]>
    </line>
    <line>
      <![CDATA[The respone time is : 771 Milli seconds]]>
    </line>
    <line>
      <![CDATA[The response status code for post request is :401]]>
    </line>
    <line>
      <![CDATA[The S.No of test case executed is :455 &  Testcase id is: 7871 &  Number of repetition 1]]>
    </line>
    <line>
      <![CDATA[Create Role Respone code is  :401 VS Expected Response code is :200]]>
    </line>
    <line>
      <![CDATA[The S.No of test case about to execute :456 &  Testcase id is: 7871 &  Number of repetition 1]]>
    </line>
    <line>
      <![CDATA[++++the parameterixdd body+++{
    "name": "{{Role_Name}}",
    "description": "{{Role_Description}}",
    "members": [
        "{{Members}}"
    ]
}]]>
    </line>
    <line>
      <![CDATA[Parameterized Json Request Body is :: {
    "name": "Automation2",
    "description": "Automation2",
    "members": [
        "sheetal.arveti@in.abb.com"
    ]
}]]>
    </line>
    <line>
      <![CDATA[++++the end point url before paramaterized+++/api/role]]>
    </line>
    <line>
      <![CDATA[Parameterized end point url  is :: /api/role]]>
    </line>
    <line>
      <![CDATA[++++++The parameterized url ::++++++ /api/role]]>
    </line>
    <line>
      <![CDATA[The API URL is: https://genix-qe-r02.westeurope.cloudapp.azure.com/ph//api/role]]>
    </line>
    <line>
      <![CDATA[The Token Response time is:1389 Milli seconds]]>
    </line>
    <line>
      <![CDATA[The Response status code for Token generation API is:401]]>
    </line>
    <line>
      <![CDATA[The respone time is : 679 Milli seconds]]>
    </line>
    <line>
      <![CDATA[The response status code for post request is :401]]>
    </line>
    <line>
      <![CDATA[The S.No of test case executed is :456 &  Testcase id is: 7871 &  Number of repetition 1]]>
    </line>
    <line>
      <![CDATA[Create Role Respone code is  :401 VS Expected Response code is :200]]>
    </line>
    <line>
      <![CDATA[The S.No of test case about to execute :457 &  Testcase id is: 7872 &  Number of repetition 1]]>
    </line>
    <line>
      <![CDATA[++++the parameterixdd body+++{
    "name": "{{Role_Name}}",
    "description": "{{Role_Description}}",
    "members": [
        "{{Members}}"
    ]
}]]>
    </line>
    <line>
      <![CDATA[Parameterized Json Request Body is :: {
    "name": "Automation2",
    "description": "Automation2",
    "members": [
        "sheetal.arveti@in.abb.com"
    ]
}]]>
    </line>
    <line>
      <![CDATA[++++the end point url before paramaterized+++/api/role]]>
    </line>
    <line>
      <![CDATA[Parameterized end point url  is :: /api/role]]>
    </line>
    <line>
      <![CDATA[++++++The parameterized url ::++++++ /api/role]]>
    </line>
    <line>
      <![CDATA[The API URL is: https://genix-qe-r02.westeurope.cloudapp.azure.com/ph//api/role]]>
    </line>
    <line>
      <![CDATA[The Token Response time is:1177 Milli seconds]]>
    </line>
    <line>
      <![CDATA[The Response status code for Token generation API is:401]]>
    </line>
    <line>
      <![CDATA[The respone time is : 810 Milli seconds]]>
    </line>
    <line>
      <![CDATA[The response status code for post request is :401]]>
    </line>
    <line>
      <![CDATA[The S.No of test case executed is :457 &  Testcase id is: 7872 &  Number of repetition 1]]>
    </line>
    <line>
      <![CDATA[Create Role Respone code is  :401 VS Expected Response code is :400]]>
    </line>
    <line>
      <![CDATA[The S.No of test case about to execute :458 &  Testcase id is: 7873 &  Number of repetition 1]]>
    </line>
    <line>
      <![CDATA[++++the parameterixdd body+++{
    "name": "{{Role_Name}}",
    "description": "{{Role_Description}}",
    "members": [
        "{{Members}}"
    ]
}]]>
    </line>
    <line>
      <![CDATA[Parameterized Json Request Body is :: {
    "name": "Automation3",
    "description": "Automation3",
    "members": [
        ""
    ]
}]]>
    </line>
    <line>
      <![CDATA[++++the end point url before paramaterized+++/api/role]]>
    </line>
    <line>
      <![CDATA[Parameterized end point url  is :: /api/role]]>
    </line>
    <line>
      <![CDATA[++++++The parameterized url ::++++++ /api/role]]>
    </line>
    <line>
      <![CDATA[The API URL is: https://genix-qe-r02.westeurope.cloudapp.azure.com/ph//api/role]]>
    </line>
    <line>
      <![CDATA[The Token Response time is:1144 Milli seconds]]>
    </line>
    <line>
      <![CDATA[The Response status code for Token generation API is:401]]>
    </line>
    <line>
      <![CDATA[The respone time is : 1011 Milli seconds]]>
    </line>
    <line>
      <![CDATA[The response status code for post request is :401]]>
    </line>
    <line>
      <![CDATA[The S.No of test case executed is :458 &  Testcase id is: 7873 &  Number of repetition 1]]>
    </line>
    <line>
      <![CDATA[Create Role Respone code is  :401 VS Expected Response code is :400]]>
    </line>
    <line>
      <![CDATA[The S.No of test case about to execute :459 &  Testcase id is: 7874 &  Number of repetition 1]]>
    </line>
    <line>
      <![CDATA[++++the parameterixdd body+++{
    "name": "{{Role_Name}}",
    "description": "{{Role_Description}}",
    "members": [
        "{{Members}}"
    ]
}]]>
    </line>
    <line>
      <![CDATA[Parameterized Json Request Body is :: {
    "name": "TestRoleName",
    "description": "",
    "members": [
        "sheetal.arveti@in.abb.com"
    ]
}]]>
    </line>
    <line>
      <![CDATA[++++the end point url before paramaterized+++/api/role]]>
    </line>
    <line>
      <![CDATA[Parameterized end point url  is :: /api/role]]>
    </line>
    <line>
      <![CDATA[++++++The parameterized url ::++++++ /api/role]]>
    </line>
    <line>
      <![CDATA[The API URL is: https://genix-qe-r02.westeurope.cloudapp.azure.com/ph//api/role]]>
    </line>
    <line>
      <![CDATA[The Token Response time is:1144 Milli seconds]]>
    </line>
    <line>
      <![CDATA[The Response status code for Token generation API is:401]]>
    </line>
    <line>
      <![CDATA[The respone time is : 945 Milli seconds]]>
    </line>
    <line>
      <![CDATA[The response status code for post request is :401]]>
    </line>
    <line>
      <![CDATA[The S.No of test case executed is :459 &  Testcase id is: 7874 &  Number of repetition 1]]>
    </line>
    <line>
      <![CDATA[Create Role Respone code is  :401 VS Expected Response code is :400]]>
    </line>
    <line>
      <![CDATA[The S.No of test case about to execute :462 &  Testcase id is: 7946 &  Number of repetition 1]]>
    </line>
    <line>
      <![CDATA[++++the parameterixdd body+++{
    "name": "{{Role_Name}}",
    "description": "{{Role_Description}}",
    "members": [
        "{{Members}}"
    ]
}]]>
    </line>
    <line>
      <![CDATA[Parameterized Json Request Body is :: {
    "name": "Automation2",
    "description": "Automation2",
    "members": [
        "sheetal.arveti@in.abb.com"
    ]
}]]>
    </line>
    <line>
      <![CDATA[++++the end point url before paramaterized+++/api/role]]>
    </line>
    <line>
      <![CDATA[Parameterized end point url  is :: /api/role]]>
    </line>
    <line>
      <![CDATA[++++++The parameterized url ::++++++ /api/role]]>
    </line>
    <line>
      <![CDATA[The API URL is: https://genix-qe-r02.westeurope.cloudapp.azure.com/ph//api/role]]>
    </line>
    <line>
      <![CDATA[The Token Response time is:1150 Milli seconds]]>
    </line>
    <line>
      <![CDATA[The Response status code for Token generation API is:401]]>
    </line>
    <line>
      <![CDATA[The respone time is : 694 Milli seconds]]>
    </line>
    <line>
      <![CDATA[The response status code for post request is :401]]>
    </line>
    <line>
      <![CDATA[The S.No of test case executed is :462 &  Testcase id is: 7946 &  Number of repetition 1]]>
    </line>
    <line>
      <![CDATA[Create Role Respone code is  :401 VS Expected Response code is :400]]>
    </line>
    <line>
      <![CDATA[The S.No of test case about to execute :463 &  Testcase id is: 7875 &  Number of repetition 1]]>
    </line>
    <line>
      <![CDATA[++++the parameterixdd body+++{
    "name": "{{Role_Name}}",
    "description": "{{Role_Description}}",
    "members": [
        "{{Members}}"
    ]
}]]>
    </line>
    <line>
      <![CDATA[Parameterized Json Request Body is :: {
    "name": "",
    "description": "Role_description",
    "members": [
        "sheetal.arveti@in.abb.com"
    ]
}]]>
    </line>
    <line>
      <![CDATA[++++the end point url before paramaterized+++/api/role]]>
    </line>
    <line>
      <![CDATA[Parameterized end point url  is :: /api/role]]>
    </line>
    <line>
      <![CDATA[++++++The parameterized url ::++++++ /api/role]]>
    </line>
    <line>
      <![CDATA[The API URL is: https://genix-qe-r02.westeurope.cloudapp.azure.com/ph//api/role]]>
    </line>
    <line>
      <![CDATA[The Token Response time is:1478 Milli seconds]]>
    </line>
    <line>
      <![CDATA[The Response status code for Token generation API is:401]]>
    </line>
    <line>
      <![CDATA[The respone time is : 809 Milli seconds]]>
    </line>
    <line>
      <![CDATA[The response status code for post request is :401]]>
    </line>
    <line>
      <![CDATA[The S.No of test case executed is :463 &  Testcase id is: 7875 &  Number of repetition 1]]>
    </line>
    <line>
      <![CDATA[Create Role Respone code is  :401 VS Expected Response code is :400]]>
    </line>
    <line>
      <![CDATA[The S.No of test case about to execute :465 &  Testcase id is: 7870 &  Number of repetition 1]]>
    </line>
    <line>
      <![CDATA[++++the parameterixdd body+++]]>
    </line>
    <line>
      <![CDATA[Parameterized Json Request Body is :: ]]>
    </line>
    <line>
      <![CDATA[++++the end point url before paramaterized+++/api/role/{{Role_Name}}]]>
    </line>
    <line>
      <![CDATA[Parameterized end point url  is :: /api/role/Automation1]]>
    </line>
    <line>
      <![CDATA[++++++The parameterized url ::++++++ /api/role/Automation1]]>
    </line>
    <line>
      <![CDATA[The API URL is: https://genix-qe-r02.westeurope.cloudapp.azure.com/ph//api/role/Automation1]]>
    </line>
    <line>
      <![CDATA[The Token Response time is:1065 Milli seconds]]>
    </line>
    <line>
      <![CDATA[The Response status code for Token generation API is:401]]>
    </line>
    <line>
      <![CDATA[The respone time is : 790 Milli seconds]]>
    </line>
    <line>
      <![CDATA[The response status code for post request is :401]]>
    </line>
    <line>
      <![CDATA[The S.No of test case executed is :465 &  Testcase id is: 7870 &  Number of repetition 1]]>
    </line>
    <line>
      <![CDATA[Get Role by name Respone code is  :401 VS Expected Response code is :200]]>
    </line>
    <line>
      <![CDATA[The S.No of test case about to execute :466 &  Testcase id is: 7870 &  Number of repetition 1]]>
    </line>
    <line>
      <![CDATA[++++the parameterixdd body+++]]>
    </line>
    <line>
      <![CDATA[Parameterized Json Request Body is :: ]]>
    </line>
    <line>
      <![CDATA[++++the end point url before paramaterized+++/api/role/{{Role_Name}}]]>
    </line>
    <line>
      <![CDATA[Parameterized end point url  is :: /api/role/Automation2]]>
    </line>
    <line>
      <![CDATA[++++++The parameterized url ::++++++ /api/role/Automation2]]>
    </line>
    <line>
      <![CDATA[The API URL is: https://genix-qe-r02.westeurope.cloudapp.azure.com/ph//api/role/Automation2]]>
    </line>
    <line>
      <![CDATA[The Token Response time is:1112 Milli seconds]]>
    </line>
    <line>
      <![CDATA[The Response status code for Token generation API is:401]]>
    </line>
    <line>
      <![CDATA[The respone time is : 741 Milli seconds]]>
    </line>
    <line>
      <![CDATA[The response status code for post request is :401]]>
    </line>
    <line>
      <![CDATA[The S.No of test case executed is :466 &  Testcase id is: 7870 &  Number of repetition 1]]>
    </line>
    <line>
      <![CDATA[Get Role by name Respone code is  :401 VS Expected Response code is :200]]>
    </line>
    <line>
      <![CDATA[The S.No of test case about to execute :470 &  Testcase id is: 15 &  Number of repetition 1]]>
    </line>
    <line>
      <![CDATA[++++the parameterixdd body+++]]>
    </line>
    <line>
      <![CDATA[Parameterized Json Request Body is :: ]]>
    </line>
    <line>
      <![CDATA[++++the end point url before paramaterized+++/api/role/{{Role_Name}}]]>
    </line>
    <line>
      <![CDATA[Parameterized end point url  is :: /api/role/Automation1]]>
    </line>
    <line>
      <![CDATA[++++++The parameterized url ::++++++ /api/role/Automation1]]>
    </line>
    <line>
      <![CDATA[The API URL is: https://genix-qe-r02.westeurope.cloudapp.azure.com/ph//api/role/Automation1]]>
    </line>
    <line>
      <![CDATA[The Token Response time is:1188 Milli seconds]]>
    </line>
    <line>
      <![CDATA[The Response status code for Token generation API is:401]]>
    </line>
    <line>
      <![CDATA[The respone time is : 715 Milli seconds]]>
    </line>
    <line>
      <![CDATA[The response status code for post request is :401]]>
    </line>
    <line>
      <![CDATA[The S.No of test case executed is :470 &  Testcase id is: 15 &  Number of repetition 1]]>
    </line>
    <line>
      <![CDATA[Get Role by name Respone code is  :401 VS Expected Response code is :200]]>
    </line>
    <line>
      <![CDATA[The S.No of test case about to execute :475 &  Testcase id is: 7869 &  Number of repetition 1]]>
    </line>
    <line>
      <![CDATA[++++the parameterixdd body+++]]>
    </line>
    <line>
      <![CDATA[Parameterized Json Request Body is :: ]]>
    </line>
    <line>
      <![CDATA[++++the end point url before paramaterized+++/api/role/{{Role_Name}}]]>
    </line>
    <line>
      <![CDATA[Parameterized end point url  is :: /api/role/Automation2]]>
    </line>
    <line>
      <![CDATA[++++++The parameterized url ::++++++ /api/role/Automation2]]>
    </line>
    <line>
      <![CDATA[The API URL is: https://genix-qe-r02.westeurope.cloudapp.azure.com/ph//api/role/Automation2]]>
    </line>
    <line>
      <![CDATA[The Token Response time is:1137 Milli seconds]]>
    </line>
    <line>
      <![CDATA[The Response status code for Token generation API is:401]]>
    </line>
    <line>
      <![CDATA[The respone time is : 877 Milli seconds]]>
    </line>
    <line>
      <![CDATA[The response status code for post request is :401]]>
    </line>
    <line>
      <![CDATA[The S.No of test case executed is :475 &  Testcase id is: 7869 &  Number of repetition 1]]>
    </line>
    <line>
      <![CDATA[Get Role by name Respone code is  :401 VS Expected Response code is :200]]>
    </line>
    <line>
      <![CDATA[The S.No of test case about to execute :461 &  Testcase id is: 7948 &  Number of repetition 1]]>
    </line>
    <line>
      <![CDATA[++++the parameterixdd body+++{   
    "description": "{{Role_Description}}",
    "members": [
        "{{Members}}"
        
            ]
}]]>
    </line>
    <line>
      <![CDATA[Parameterized Json Request Body is :: {   
    "description": "",
    "members": [
        "sheetal.arveti@in.abb.com"
        
            ]
}]]>
    </line>
    <line>
      <![CDATA[++++the end point url before paramaterized+++/api/role/{{Role_Name}}]]>
    </line>
    <line>
      <![CDATA[Parameterized end point url  is :: /api/role/Automation1]]>
    </line>
    <line>
      <![CDATA[++++++The parameterized url ::++++++ /api/role/Automation1]]>
    </line>
    <line>
      <![CDATA[The API URL is: https://genix-qe-r02.westeurope.cloudapp.azure.com/ph//api/role/Automation1]]>
    </line>
    <line>
      <![CDATA[The Token Response time is:1553 Milli seconds]]>
    </line>
    <line>
      <![CDATA[The Response status code for Token generation API is:401]]>
    </line>
    <line>
      <![CDATA[The respone time is : 687 Milli seconds]]>
    </line>
    <line>
      <![CDATA[The response status code for post request is :401]]>
    </line>
    <line>
      <![CDATA[The S.No of test case executed is :461 &  Testcase id is: 7948 &  Number of repetition 1]]>
    </line>
    <line>
      <![CDATA[Update role Respone code is  :401 VS Expected Response code is :400]]>
    </line>
    <line>
      <![CDATA[The S.No of test case about to execute :467 &  Testcase id is: 7947 &  Number of repetition 1]]>
    </line>
    <line>
      <![CDATA[++++the parameterixdd body+++{   
    "description": "{{Role_Description}}",
    "members": [
        "{{Members}}"
        
            ]
}]]>
    </line>
    <line>
      <![CDATA[Parameterized Json Request Body is :: {   
    "description": "Automation1",
    "members": [
        "sheetal.arveti@in.abb.com","kundan.lal@in.abb.com"
        
            ]
}]]>
    </line>
    <line>
      <![CDATA[++++the end point url before paramaterized+++/api/role/{{Role_Name}}]]>
    </line>
    <line>
      <![CDATA[Parameterized end point url  is :: /api/role/Automation1]]>
    </line>
    <line>
      <![CDATA[++++++The parameterized url ::++++++ /api/role/Automation1]]>
    </line>
    <line>
      <![CDATA[The API URL is: https://genix-qe-r02.westeurope.cloudapp.azure.com/ph//api/role/Automation1]]>
    </line>
    <line>
      <![CDATA[The Token Response time is:945 Milli seconds]]>
    </line>
    <line>
      <![CDATA[The Response status code for Token generation API is:401]]>
    </line>
    <line>
      <![CDATA[The respone time is : 687 Milli seconds]]>
    </line>
    <line>
      <![CDATA[The response status code for post request is :401]]>
    </line>
    <line>
      <![CDATA[The S.No of test case executed is :467 &  Testcase id is: 7947 &  Number of repetition 1]]>
    </line>
    <line>
      <![CDATA[Update role Respone code is  :401 VS Expected Response code is :200]]>
    </line>
    <line>
      <![CDATA[The S.No of test case about to execute :468 &  Testcase id is: 14 &  Number of repetition 1]]>
    </line>
    <line>
      <![CDATA[++++the parameterixdd body+++{   
    "description": "{{Role_Description}}",
    "members": [
        "{{Members}}"
        
            ]
}]]>
    </line>
    <line>
      <![CDATA[Parameterized Json Request Body is :: {   
    "description": "Automation1",
    "members": [
        ""
        
            ]
}]]>
    </line>
    <line>
      <![CDATA[++++the end point url before paramaterized+++/api/role/{{Role_Name}}]]>
    </line>
    <line>
      <![CDATA[Parameterized end point url  is :: /api/role/Automation1]]>
    </line>
    <line>
      <![CDATA[++++++The parameterized url ::++++++ /api/role/Automation1]]>
    </line>
    <line>
      <![CDATA[The API URL is: https://genix-qe-r02.westeurope.cloudapp.azure.com/ph//api/role/Automation1]]>
    </line>
    <line>
      <![CDATA[The Token Response time is:1297 Milli seconds]]>
    </line>
    <line>
      <![CDATA[The Response status code for Token generation API is:401]]>
    </line>
    <line>
      <![CDATA[The respone time is : 797 Milli seconds]]>
    </line>
    <line>
      <![CDATA[The response status code for post request is :401]]>
    </line>
    <line>
      <![CDATA[The S.No of test case executed is :468 &  Testcase id is: 14 &  Number of repetition 1]]>
    </line>
    <line>
      <![CDATA[Update role Respone code is  :401 VS Expected Response code is :400]]>
    </line>
    <line>
      <![CDATA[The S.No of test case about to execute :469 &  Testcase id is: 7951 &  Number of repetition 1]]>
    </line>
    <line>
      <![CDATA[++++the parameterixdd body+++{   
    "description": "{{Role_Description}}",
    "members": [
        "{{Members}}"
        
            ]
}]]>
    </line>
    <line>
      <![CDATA[Parameterized Json Request Body is :: {   
    "description": "Automation1",
    "members": [
        ""
        
            ]
}]]>
    </line>
    <line>
      <![CDATA[++++the end point url before paramaterized+++/api/role/{{Role_Name}}]]>
    </line>
    <line>
      <![CDATA[Parameterized end point url  is :: /api/role/Automation1]]>
    </line>
    <line>
      <![CDATA[++++++The parameterized url ::++++++ /api/role/Automation1]]>
    </line>
    <line>
      <![CDATA[The API URL is: https://genix-qe-r02.westeurope.cloudapp.azure.com/ph//api/role/Automation1]]>
    </line>
    <line>
      <![CDATA[The Token Response time is:955 Milli seconds]]>
    </line>
    <line>
      <![CDATA[The Response status code for Token generation API is:401]]>
    </line>
    <line>
      <![CDATA[The respone time is : 686 Milli seconds]]>
    </line>
    <line>
      <![CDATA[The response status code for post request is :401]]>
    </line>
    <line>
      <![CDATA[The S.No of test case executed is :469 &  Testcase id is: 7951 &  Number of repetition 1]]>
    </line>
    <line>
      <![CDATA[Update role Respone code is  :401 VS Expected Response code is :400]]>
    </line>
    <line>
      <![CDATA[The S.No of test case about to execute :471 &  Testcase id is: 7952 &  Number of repetition 1]]>
    </line>
    <line>
      <![CDATA[++++the parameterixdd body+++[
{ 
"AppId" : "{{App_ID}}",
"permissions" : [{{permissions}}]
}
]]]>
    </line>
    <line>
      <![CDATA[Parameterized Json Request Body is :: [
{ 
"AppId" : "dias-system",
"permissions" : ["0150","0200","0201","0202","0250","0300","0301"]
}
]]]>
    </line>
    <line>
      <![CDATA[++++the end point url before paramaterized+++/api/role/{{Role_Name}}/permissions]]>
    </line>
    <line>
      <![CDATA[Parameterized end point url  is :: /api/role/Automation1/permissions]]>
    </line>
    <line>
      <![CDATA[++++++The parameterized url ::++++++ /api/role/Automation1/permissions]]>
    </line>
    <line>
      <![CDATA[The API URL is: https://genix-qe-r02.westeurope.cloudapp.azure.com/ph//api/role/Automation1/permissions]]>
    </line>
    <line>
      <![CDATA[The Token Response time is:1094 Milli seconds]]>
    </line>
    <line>
      <![CDATA[The Response status code for Token generation API is:401]]>
    </line>
    <line>
      <![CDATA[The respone time is : 658 Milli seconds]]>
    </line>
    <line>
      <![CDATA[The response status code for post request is :401]]>
    </line>
    <line>
      <![CDATA[The S.No of test case executed is :471 &  Testcase id is: 7952 &  Number of repetition 1]]>
    </line>
    <line>
      <![CDATA[Granting permissions to role Respone code is  :401 VS Expected Response code is :200]]>
    </line>
    <line>
      <![CDATA[The S.No of test case about to execute :472 &  Testcase id is: 7956 &  Number of repetition 1]]>
    </line>
    <line>
      <![CDATA[++++the parameterixdd body+++{
    "addOrRemove": true,
    "roles": [
        "{{Role_Name}}"
    ]
}]]>
    </line>
    <line>
      <![CDATA[Parameterized Json Request Body is :: {
    "addOrRemove": true,
    "roles": [
        "Automation2"
    ]
}]]>
    </line>
    <line>
      <![CDATA[++++the end point url before paramaterized+++/api/role/membership/{{User_ID}}]]>
    </line>
    <line>
      <![CDATA[Parameterized end point url  is :: /api/role/membership/manjunatha.m1@in.abb.com]]>
    </line>
    <line>
      <![CDATA[++++++The parameterized url ::++++++ /api/role/membership/manjunatha.m1@in.abb.com]]>
    </line>
    <line>
      <![CDATA[The API URL is: https://genix-qe-r02.westeurope.cloudapp.azure.com/ph//api/role/membership/manjunatha.m1@in.abb.com]]>
    </line>
    <line>
      <![CDATA[The Token Response time is:897 Milli seconds]]>
    </line>
    <line>
      <![CDATA[The Response status code for Token generation API is:401]]>
    </line>
    <line>
      <![CDATA[The respone time is : 636 Milli seconds]]>
    </line>
    <line>
      <![CDATA[The response status code for post request is :401]]>
    </line>
    <line>
      <![CDATA[The S.No of test case executed is :472 &  Testcase id is: 7956 &  Number of repetition 1]]>
    </line>
    <line>
      <![CDATA[Update role Membership for specific user Respone code is  :401 VS Expected Response code is :200]]>
    </line>
    <line>
      <![CDATA[The S.No of test case about to execute :473 &  Testcase id is: 7953 &  Number of repetition 1]]>
    </line>
    <line>
      <![CDATA[++++the parameterixdd body+++{
    "addOrRemove": true,
    "roles": [
        "{{Role_Name}}"
    ]
}]]>
    </line>
    <line>
      <![CDATA[Parameterized Json Request Body is :: {
    "addOrRemove": true,
    "roles": [
        "NonExistingRolename"
    ]
}]]>
    </line>
    <line>
      <![CDATA[++++the end point url before paramaterized+++/api/role/membership/{{User_ID}}]]>
    </line>
    <line>
      <![CDATA[Parameterized end point url  is :: /api/role/membership/manjunatha.m1@in.abb.com]]>
    </line>
    <line>
      <![CDATA[++++++The parameterized url ::++++++ /api/role/membership/manjunatha.m1@in.abb.com]]>
    </line>
    <line>
      <![CDATA[The API URL is: https://genix-qe-r02.westeurope.cloudapp.azure.com/ph//api/role/membership/manjunatha.m1@in.abb.com]]>
    </line>
    <line>
      <![CDATA[The Token Response time is:1180 Milli seconds]]>
    </line>
    <line>
      <![CDATA[The Response status code for Token generation API is:401]]>
    </line>
    <line>
      <![CDATA[The respone time is : 1066 Milli seconds]]>
    </line>
    <line>
      <![CDATA[The response status code for post request is :401]]>
    </line>
    <line>
      <![CDATA[The S.No of test case executed is :473 &  Testcase id is: 7953 &  Number of repetition 1]]>
    </line>
    <line>
      <![CDATA[Update role Membership for specific user Respone code is  :401 VS Expected Response code is :400]]>
    </line>
    <line>
      <![CDATA[The S.No of test case about to execute :474 &  Testcase id is: 7956 &  Number of repetition 1]]>
    </line>
    <line>
      <![CDATA[++++the parameterixdd body+++{
    "addOrRemove": true,
    "roles": [
        "{{Role_Name}}"
    ]
}]]>
    </line>
    <line>
      <![CDATA[Parameterized Json Request Body is :: {
    "addOrRemove": true,
    "roles": [
        ""
    ]
}]]>
    </line>
    <line>
      <![CDATA[++++the end point url before paramaterized+++/api/role/membership/{{User_ID}}]]>
    </line>
    <line>
      <![CDATA[Parameterized end point url  is :: /api/role/membership/manjunatha.m1@in.abb.com]]>
    </line>
    <line>
      <![CDATA[++++++The parameterized url ::++++++ /api/role/membership/manjunatha.m1@in.abb.com]]>
    </line>
    <line>
      <![CDATA[The API URL is: https://genix-qe-r02.westeurope.cloudapp.azure.com/ph//api/role/membership/manjunatha.m1@in.abb.com]]>
    </line>
    <line>
      <![CDATA[The Token Response time is:989 Milli seconds]]>
    </line>
    <line>
      <![CDATA[The Response status code for Token generation API is:401]]>
    </line>
    <line>
      <![CDATA[The respone time is : 895 Milli seconds]]>
    </line>
    <line>
      <![CDATA[The response status code for post request is :401]]>
    </line>
    <line>
      <![CDATA[The S.No of test case executed is :474 &  Testcase id is: 7956 &  Number of repetition 1]]>
    </line>
    <line>
      <![CDATA[Update role Membership for specific user Respone code is  :401 VS Expected Response code is :400]]>
    </line>
    <line>
      <![CDATA[The S.No of test case about to execute :476 &  Testcase id is: 7955 &  Number of repetition 1]]>
    </line>
    <line>
      <![CDATA[++++the parameterixdd body+++]]>
    </line>
    <line>
      <![CDATA[Parameterized Json Request Body is :: ]]>
    </line>
    <line>
      <![CDATA[++++the end point url before paramaterized+++/api/role/membership/{{Role_Name}}]]>
    </line>
    <line>
      <![CDATA[Parameterized end point url  is :: /api/role/membership/all]]>
    </line>
    <line>
      <![CDATA[++++++The parameterized url ::++++++ /api/role/membership/all]]>
    </line>
    <line>
      <![CDATA[The API URL is: https://genix-qe-r02.westeurope.cloudapp.azure.com/ph//api/role/membership/all]]>
    </line>
    <line>
      <![CDATA[The Token Response time is:1148 Milli seconds]]>
    </line>
    <line>
      <![CDATA[The Response status code for Token generation API is:401]]>
    </line>
    <line>
      <![CDATA[The respone time is : 852 Milli seconds]]>
    </line>
    <line>
      <![CDATA[The response status code for post request is :401]]>
    </line>
    <line>
      <![CDATA[The S.No of test case executed is :476 &  Testcase id is: 7955 &  Number of repetition 1]]>
    </line>
    <line>
      <![CDATA[Get role memberships ALL users Respone code is  :401 VS Expected Response code is :200]]>
    </line>
    <line>
      <![CDATA[The S.No of test case about to execute :477 &  Testcase id is: 7949 &  Number of repetition 1]]>
    </line>
    <line>
      <![CDATA[++++the parameterixdd body+++]]>
    </line>
    <line>
      <![CDATA[Parameterized Json Request Body is :: ]]>
    </line>
    <line>
      <![CDATA[++++the end point url before paramaterized+++/api/role/{{Role_Name}}]]>
    </line>
    <line>
      <![CDATA[Parameterized end point url  is :: /api/role/Automation1]]>
    </line>
    <line>
      <![CDATA[++++++The parameterized url ::++++++ /api/role/Automation1]]>
    </line>
    <line>
      <![CDATA[The API URL is: https://genix-qe-r02.westeurope.cloudapp.azure.com/ph//api/role/Automation1]]>
    </line>
    <line>
      <![CDATA[The Token Response time is:1558 Milli seconds]]>
    </line>
    <line>
      <![CDATA[The Response status code for Token generation API is:401]]>
    </line>
    <line>
      <![CDATA[The respone time is : 808 Milli seconds]]>
    </line>
    <line>
      <![CDATA[The response status code for post request is :401]]>
    </line>
    <line>
      <![CDATA[The S.No of test case executed is :477 &  Testcase id is: 7949 &  Number of repetition 1]]>
    </line>
    <line>
      <![CDATA[Delete role Respone code is  :401 VS Expected Response code is :200]]>
    </line>
    <line>
      <![CDATA[The S.No of test case about to execute :478 &  Testcase id is: 7949 &  Number of repetition 1]]>
    </line>
    <line>
      <![CDATA[++++the parameterixdd body+++]]>
    </line>
    <line>
      <![CDATA[Parameterized Json Request Body is :: ]]>
    </line>
    <line>
      <![CDATA[++++the end point url before paramaterized+++/api/role/{{Role_Name}}]]>
    </line>
    <line>
      <![CDATA[Parameterized end point url  is :: /api/role/Automation2]]>
    </line>
    <line>
      <![CDATA[++++++The parameterized url ::++++++ /api/role/Automation2]]>
    </line>
    <line>
      <![CDATA[The API URL is: https://genix-qe-r02.westeurope.cloudapp.azure.com/ph//api/role/Automation2]]>
    </line>
    <line>
      <![CDATA[The Token Response time is:1099 Milli seconds]]>
    </line>
    <line>
      <![CDATA[The Response status code for Token generation API is:401]]>
    </line>
    <line>
      <![CDATA[The respone time is : 1003 Milli seconds]]>
    </line>
    <line>
      <![CDATA[The response status code for post request is :401]]>
    </line>
    <line>
      <![CDATA[The S.No of test case executed is :478 &  Testcase id is: 7949 &  Number of repetition 1]]>
    </line>
    <line>
      <![CDATA[Delete role Respone code is  :401 VS Expected Response code is :200]]>
    </line>
    <line>
      <![CDATA[The S.No of test case about to execute :479 &  Testcase id is: 7950 &  Number of repetition 1]]>
    </line>
    <line>
      <![CDATA[++++the parameterixdd body+++]]>
    </line>
    <line>
      <![CDATA[Parameterized Json Request Body is :: ]]>
    </line>
    <line>
      <![CDATA[++++the end point url before paramaterized+++/api/role/{{Role_Name}}]]>
    </line>
    <line>
      <![CDATA[Parameterized end point url  is :: /api/role/DeleteRole]]>
    </line>
    <line>
      <![CDATA[++++++The parameterized url ::++++++ /api/role/DeleteRole]]>
    </line>
    <line>
      <![CDATA[The API URL is: https://genix-qe-r02.westeurope.cloudapp.azure.com/ph//api/role/DeleteRole]]>
    </line>
    <line>
      <![CDATA[The Token Response time is:1059 Milli seconds]]>
    </line>
    <line>
      <![CDATA[The Response status code for Token generation API is:401]]>
    </line>
    <line>
      <![CDATA[The respone time is : 1200 Milli seconds]]>
    </line>
    <line>
      <![CDATA[The response status code for post request is :401]]>
    </line>
    <line>
      <![CDATA[The S.No of test case executed is :479 &  Testcase id is: 7950 &  Number of repetition 1]]>
    </line>
    <line>
      <![CDATA[Delete role Respone code is  :401 VS Expected Response code is :404]]>
    </line>
  </reporter-output>
  <suite name="Suite" duration-ms="74191" started-at="2021-02-02T09:59:30Z" finished-at="2021-02-02T10:00:44Z">
    <groups>
    </groups>
    <test name="Test1" duration-ms="74191" started-at="2021-02-02T09:59:30Z" finished-at="2021-02-02T10:00:44Z">
      <class name="com.abb.dias.api.automation.test.kshtest.KshApiServicesExecutionTest">
        <test-method status="PASS" signature="beforetest()[pri:0, instance:com.abb.dias.api.automation.test.kshtest.KshApiServicesExecutionTest@6a78afa0]" name="beforetest" is-config="true" duration-ms="366" started-at="2021-02-02T09:59:30Z" finished-at="2021-02-02T09:59:30Z">
          <reporter-output>
          </reporter-output>
        </test-method> <!-- beforetest -->
        <test-method status="PASS" signature="runtest(java.lang.String)[pri:0, instance:com.abb.dias.api.automation.test.kshtest.KshApiServicesExecutionTest@6a78afa0]" name="runtest" duration-ms="72609" started-at="2021-02-02T09:59:30Z" finished-at="2021-02-02T10:00:43Z">
          <params>
            <param index="0">
              <value>
                <![CDATA[ph]]>
              </value>
            </param>
          </params>
          <reporter-output>
            <line>
              <![CDATA[kSH Api services Execution has started]]>
            </line>
            <line>
              <![CDATA[The S.No of test case about to execute :454 &  Testcase id is: 7869 &  Number of repetition 1]]>
            </line>
            <line>
              <![CDATA[++++the parameterixdd body+++]]>
            </line>
            <line>
              <![CDATA[Parameterized Json Request Body is :: ]]>
            </line>
            <line>
              <![CDATA[++++the end point url before paramaterized+++/api/role/]]>
            </line>
            <line>
              <![CDATA[Parameterized end point url  is :: /api/role/]]>
            </line>
            <line>
              <![CDATA[++++++The parameterized url ::++++++ /api/role/]]>
            </line>
            <line>
              <![CDATA[The API URL is: https://genix-qe-r02.westeurope.cloudapp.azure.com/ph//api/role/]]>
            </line>
            <line>
              <![CDATA[The Token Response time is:2337 Milli seconds]]>
            </line>
            <line>
              <![CDATA[The Response status code for Token generation API is:401]]>
            </line>
            <line>
              <![CDATA[The respone time is : 809 Milli seconds]]>
            </line>
            <line>
              <![CDATA[The response status code for post request is :401]]>
            </line>
            <line>
              <![CDATA[The S.No of test case executed is :454 &  Testcase id is: 7869 &  Number of repetition 1]]>
            </line>
            <line>
              <![CDATA[Get Roles Respone code is  :401 VS Expected Response code is :200]]>
            </line>
            <line>
              <![CDATA[The S.No of test case about to execute :455 &  Testcase id is: 7871 &  Number of repetition 1]]>
            </line>
            <line>
              <![CDATA[++++the parameterixdd body+++{
    "name": "{{Role_Name}}",
    "description": "{{Role_Description}}",
    "members": [
        "{{Members}}"
    ]
}]]>
            </line>
            <line>
              <![CDATA[Parameterized Json Request Body is :: {
    "name": "Automation1",
    "description": "Automation1",
    "members": [
        "sheetal.arveti@in.abb.com"
    ]
}]]>
            </line>
            <line>
              <![CDATA[++++the end point url before paramaterized+++/api/role]]>
            </line>
            <line>
              <![CDATA[Parameterized end point url  is :: /api/role]]>
            </line>
            <line>
              <![CDATA[++++++The parameterized url ::++++++ /api/role]]>
            </line>
            <line>
              <![CDATA[The API URL is: https://genix-qe-r02.westeurope.cloudapp.azure.com/ph//api/role]]>
            </line>
            <line>
              <![CDATA[The Token Response time is:2167 Milli seconds]]>
            </line>
            <line>
              <![CDATA[The Response status code for Token generation API is:401]]>
            </line>
            <line>
              <![CDATA[The respone time is : 771 Milli seconds]]>
            </line>
            <line>
              <![CDATA[The response status code for post request is :401]]>
            </line>
            <line>
              <![CDATA[The S.No of test case executed is :455 &  Testcase id is: 7871 &  Number of repetition 1]]>
            </line>
            <line>
              <![CDATA[Create Role Respone code is  :401 VS Expected Response code is :200]]>
            </line>
            <line>
              <![CDATA[The S.No of test case about to execute :456 &  Testcase id is: 7871 &  Number of repetition 1]]>
            </line>
            <line>
              <![CDATA[++++the parameterixdd body+++{
    "name": "{{Role_Name}}",
    "description": "{{Role_Description}}",
    "members": [
        "{{Members}}"
    ]
}]]>
            </line>
            <line>
              <![CDATA[Parameterized Json Request Body is :: {
    "name": "Automation2",
    "description": "Automation2",
    "members": [
        "sheetal.arveti@in.abb.com"
    ]
}]]>
            </line>
            <line>
              <![CDATA[++++the end point url before paramaterized+++/api/role]]>
            </line>
            <line>
              <![CDATA[Parameterized end point url  is :: /api/role]]>
            </line>
            <line>
              <![CDATA[++++++The parameterized url ::++++++ /api/role]]>
            </line>
            <line>
              <![CDATA[The API URL is: https://genix-qe-r02.westeurope.cloudapp.azure.com/ph//api/role]]>
            </line>
            <line>
              <![CDATA[The Token Response time is:1389 Milli seconds]]>
            </line>
            <line>
              <![CDATA[The Response status code for Token generation API is:401]]>
            </line>
            <line>
              <![CDATA[The respone time is : 679 Milli seconds]]>
            </line>
            <line>
              <![CDATA[The response status code for post request is :401]]>
            </line>
            <line>
              <![CDATA[The S.No of test case executed is :456 &  Testcase id is: 7871 &  Number of repetition 1]]>
            </line>
            <line>
              <![CDATA[Create Role Respone code is  :401 VS Expected Response code is :200]]>
            </line>
            <line>
              <![CDATA[The S.No of test case about to execute :457 &  Testcase id is: 7872 &  Number of repetition 1]]>
            </line>
            <line>
              <![CDATA[++++the parameterixdd body+++{
    "name": "{{Role_Name}}",
    "description": "{{Role_Description}}",
    "members": [
        "{{Members}}"
    ]
}]]>
            </line>
            <line>
              <![CDATA[Parameterized Json Request Body is :: {
    "name": "Automation2",
    "description": "Automation2",
    "members": [
        "sheetal.arveti@in.abb.com"
    ]
}]]>
            </line>
            <line>
              <![CDATA[++++the end point url before paramaterized+++/api/role]]>
            </line>
            <line>
              <![CDATA[Parameterized end point url  is :: /api/role]]>
            </line>
            <line>
              <![CDATA[++++++The parameterized url ::++++++ /api/role]]>
            </line>
            <line>
              <![CDATA[The API URL is: https://genix-qe-r02.westeurope.cloudapp.azure.com/ph//api/role]]>
            </line>
            <line>
              <![CDATA[The Token Response time is:1177 Milli seconds]]>
            </line>
            <line>
              <![CDATA[The Response status code for Token generation API is:401]]>
            </line>
            <line>
              <![CDATA[The respone time is : 810 Milli seconds]]>
            </line>
            <line>
              <![CDATA[The response status code for post request is :401]]>
            </line>
            <line>
              <![CDATA[The S.No of test case executed is :457 &  Testcase id is: 7872 &  Number of repetition 1]]>
            </line>
            <line>
              <![CDATA[Create Role Respone code is  :401 VS Expected Response code is :400]]>
            </line>
            <line>
              <![CDATA[The S.No of test case about to execute :458 &  Testcase id is: 7873 &  Number of repetition 1]]>
            </line>
            <line>
              <![CDATA[++++the parameterixdd body+++{
    "name": "{{Role_Name}}",
    "description": "{{Role_Description}}",
    "members": [
        "{{Members}}"
    ]
}]]>
            </line>
            <line>
              <![CDATA[Parameterized Json Request Body is :: {
    "name": "Automation3",
    "description": "Automation3",
    "members": [
        ""
    ]
}]]>
            </line>
            <line>
              <![CDATA[++++the end point url before paramaterized+++/api/role]]>
            </line>
            <line>
              <![CDATA[Parameterized end point url  is :: /api/role]]>
            </line>
            <line>
              <![CDATA[++++++The parameterized url ::++++++ /api/role]]>
            </line>
            <line>
              <![CDATA[The API URL is: https://genix-qe-r02.westeurope.cloudapp.azure.com/ph//api/role]]>
            </line>
            <line>
              <![CDATA[The Token Response time is:1144 Milli seconds]]>
            </line>
            <line>
              <![CDATA[The Response status code for Token generation API is:401]]>
            </line>
            <line>
              <![CDATA[The respone time is : 1011 Milli seconds]]>
            </line>
            <line>
              <![CDATA[The response status code for post request is :401]]>
            </line>
            <line>
              <![CDATA[The S.No of test case executed is :458 &  Testcase id is: 7873 &  Number of repetition 1]]>
            </line>
            <line>
              <![CDATA[Create Role Respone code is  :401 VS Expected Response code is :400]]>
            </line>
            <line>
              <![CDATA[The S.No of test case about to execute :459 &  Testcase id is: 7874 &  Number of repetition 1]]>
            </line>
            <line>
              <![CDATA[++++the parameterixdd body+++{
    "name": "{{Role_Name}}",
    "description": "{{Role_Description}}",
    "members": [
        "{{Members}}"
    ]
}]]>
            </line>
            <line>
              <![CDATA[Parameterized Json Request Body is :: {
    "name": "TestRoleName",
    "description": "",
    "members": [
        "sheetal.arveti@in.abb.com"
    ]
}]]>
            </line>
            <line>
              <![CDATA[++++the end point url before paramaterized+++/api/role]]>
            </line>
            <line>
              <![CDATA[Parameterized end point url  is :: /api/role]]>
            </line>
            <line>
              <![CDATA[++++++The parameterized url ::++++++ /api/role]]>
            </line>
            <line>
              <![CDATA[The API URL is: https://genix-qe-r02.westeurope.cloudapp.azure.com/ph//api/role]]>
            </line>
            <line>
              <![CDATA[The Token Response time is:1144 Milli seconds]]>
            </line>
            <line>
              <![CDATA[The Response status code for Token generation API is:401]]>
            </line>
            <line>
              <![CDATA[The respone time is : 945 Milli seconds]]>
            </line>
            <line>
              <![CDATA[The response status code for post request is :401]]>
            </line>
            <line>
              <![CDATA[The S.No of test case executed is :459 &  Testcase id is: 7874 &  Number of repetition 1]]>
            </line>
            <line>
              <![CDATA[Create Role Respone code is  :401 VS Expected Response code is :400]]>
            </line>
            <line>
              <![CDATA[The S.No of test case about to execute :462 &  Testcase id is: 7946 &  Number of repetition 1]]>
            </line>
            <line>
              <![CDATA[++++the parameterixdd body+++{
    "name": "{{Role_Name}}",
    "description": "{{Role_Description}}",
    "members": [
        "{{Members}}"
    ]
}]]>
            </line>
            <line>
              <![CDATA[Parameterized Json Request Body is :: {
    "name": "Automation2",
    "description": "Automation2",
    "members": [
        "sheetal.arveti@in.abb.com"
    ]
}]]>
            </line>
            <line>
              <![CDATA[++++the end point url before paramaterized+++/api/role]]>
            </line>
            <line>
              <![CDATA[Parameterized end point url  is :: /api/role]]>
            </line>
            <line>
              <![CDATA[++++++The parameterized url ::++++++ /api/role]]>
            </line>
            <line>
              <![CDATA[The API URL is: https://genix-qe-r02.westeurope.cloudapp.azure.com/ph//api/role]]>
            </line>
            <line>
              <![CDATA[The Token Response time is:1150 Milli seconds]]>
            </line>
            <line>
              <![CDATA[The Response status code for Token generation API is:401]]>
            </line>
            <line>
              <![CDATA[The respone time is : 694 Milli seconds]]>
            </line>
            <line>
              <![CDATA[The response status code for post request is :401]]>
            </line>
            <line>
              <![CDATA[The S.No of test case executed is :462 &  Testcase id is: 7946 &  Number of repetition 1]]>
            </line>
            <line>
              <![CDATA[Create Role Respone code is  :401 VS Expected Response code is :400]]>
            </line>
            <line>
              <![CDATA[The S.No of test case about to execute :463 &  Testcase id is: 7875 &  Number of repetition 1]]>
            </line>
            <line>
              <![CDATA[++++the parameterixdd body+++{
    "name": "{{Role_Name}}",
    "description": "{{Role_Description}}",
    "members": [
        "{{Members}}"
    ]
}]]>
            </line>
            <line>
              <![CDATA[Parameterized Json Request Body is :: {
    "name": "",
    "description": "Role_description",
    "members": [
        "sheetal.arveti@in.abb.com"
    ]
}]]>
            </line>
            <line>
              <![CDATA[++++the end point url before paramaterized+++/api/role]]>
            </line>
            <line>
              <![CDATA[Parameterized end point url  is :: /api/role]]>
            </line>
            <line>
              <![CDATA[++++++The parameterized url ::++++++ /api/role]]>
            </line>
            <line>
              <![CDATA[The API URL is: https://genix-qe-r02.westeurope.cloudapp.azure.com/ph//api/role]]>
            </line>
            <line>
              <![CDATA[The Token Response time is:1478 Milli seconds]]>
            </line>
            <line>
              <![CDATA[The Response status code for Token generation API is:401]]>
            </line>
            <line>
              <![CDATA[The respone time is : 809 Milli seconds]]>
            </line>
            <line>
              <![CDATA[The response status code for post request is :401]]>
            </line>
            <line>
              <![CDATA[The S.No of test case executed is :463 &  Testcase id is: 7875 &  Number of repetition 1]]>
            </line>
            <line>
              <![CDATA[Create Role Respone code is  :401 VS Expected Response code is :400]]>
            </line>
            <line>
              <![CDATA[The S.No of test case about to execute :465 &  Testcase id is: 7870 &  Number of repetition 1]]>
            </line>
            <line>
              <![CDATA[++++the parameterixdd body+++]]>
            </line>
            <line>
              <![CDATA[Parameterized Json Request Body is :: ]]>
            </line>
            <line>
              <![CDATA[++++the end point url before paramaterized+++/api/role/{{Role_Name}}]]>
            </line>
            <line>
              <![CDATA[Parameterized end point url  is :: /api/role/Automation1]]>
            </line>
            <line>
              <![CDATA[++++++The parameterized url ::++++++ /api/role/Automation1]]>
            </line>
            <line>
              <![CDATA[The API URL is: https://genix-qe-r02.westeurope.cloudapp.azure.com/ph//api/role/Automation1]]>
            </line>
            <line>
              <![CDATA[The Token Response time is:1065 Milli seconds]]>
            </line>
            <line>
              <![CDATA[The Response status code for Token generation API is:401]]>
            </line>
            <line>
              <![CDATA[The respone time is : 790 Milli seconds]]>
            </line>
            <line>
              <![CDATA[The response status code for post request is :401]]>
            </line>
            <line>
              <![CDATA[The S.No of test case executed is :465 &  Testcase id is: 7870 &  Number of repetition 1]]>
            </line>
            <line>
              <![CDATA[Get Role by name Respone code is  :401 VS Expected Response code is :200]]>
            </line>
            <line>
              <![CDATA[The S.No of test case about to execute :466 &  Testcase id is: 7870 &  Number of repetition 1]]>
            </line>
            <line>
              <![CDATA[++++the parameterixdd body+++]]>
            </line>
            <line>
              <![CDATA[Parameterized Json Request Body is :: ]]>
            </line>
            <line>
              <![CDATA[++++the end point url before paramaterized+++/api/role/{{Role_Name}}]]>
            </line>
            <line>
              <![CDATA[Parameterized end point url  is :: /api/role/Automation2]]>
            </line>
            <line>
              <![CDATA[++++++The parameterized url ::++++++ /api/role/Automation2]]>
            </line>
            <line>
              <![CDATA[The API URL is: https://genix-qe-r02.westeurope.cloudapp.azure.com/ph//api/role/Automation2]]>
            </line>
            <line>
              <![CDATA[The Token Response time is:1112 Milli seconds]]>
            </line>
            <line>
              <![CDATA[The Response status code for Token generation API is:401]]>
            </line>
            <line>
              <![CDATA[The respone time is : 741 Milli seconds]]>
            </line>
            <line>
              <![CDATA[The response status code for post request is :401]]>
            </line>
            <line>
              <![CDATA[The S.No of test case executed is :466 &  Testcase id is: 7870 &  Number of repetition 1]]>
            </line>
            <line>
              <![CDATA[Get Role by name Respone code is  :401 VS Expected Response code is :200]]>
            </line>
            <line>
              <![CDATA[The S.No of test case about to execute :470 &  Testcase id is: 15 &  Number of repetition 1]]>
            </line>
            <line>
              <![CDATA[++++the parameterixdd body+++]]>
            </line>
            <line>
              <![CDATA[Parameterized Json Request Body is :: ]]>
            </line>
            <line>
              <![CDATA[++++the end point url before paramaterized+++/api/role/{{Role_Name}}]]>
            </line>
            <line>
              <![CDATA[Parameterized end point url  is :: /api/role/Automation1]]>
            </line>
            <line>
              <![CDATA[++++++The parameterized url ::++++++ /api/role/Automation1]]>
            </line>
            <line>
              <![CDATA[The API URL is: https://genix-qe-r02.westeurope.cloudapp.azure.com/ph//api/role/Automation1]]>
            </line>
            <line>
              <![CDATA[The Token Response time is:1188 Milli seconds]]>
            </line>
            <line>
              <![CDATA[The Response status code for Token generation API is:401]]>
            </line>
            <line>
              <![CDATA[The respone time is : 715 Milli seconds]]>
            </line>
            <line>
              <![CDATA[The response status code for post request is :401]]>
            </line>
            <line>
              <![CDATA[The S.No of test case executed is :470 &  Testcase id is: 15 &  Number of repetition 1]]>
            </line>
            <line>
              <![CDATA[Get Role by name Respone code is  :401 VS Expected Response code is :200]]>
            </line>
            <line>
              <![CDATA[The S.No of test case about to execute :475 &  Testcase id is: 7869 &  Number of repetition 1]]>
            </line>
            <line>
              <![CDATA[++++the parameterixdd body+++]]>
            </line>
            <line>
              <![CDATA[Parameterized Json Request Body is :: ]]>
            </line>
            <line>
              <![CDATA[++++the end point url before paramaterized+++/api/role/{{Role_Name}}]]>
            </line>
            <line>
              <![CDATA[Parameterized end point url  is :: /api/role/Automation2]]>
            </line>
            <line>
              <![CDATA[++++++The parameterized url ::++++++ /api/role/Automation2]]>
            </line>
            <line>
              <![CDATA[The API URL is: https://genix-qe-r02.westeurope.cloudapp.azure.com/ph//api/role/Automation2]]>
            </line>
            <line>
              <![CDATA[The Token Response time is:1137 Milli seconds]]>
            </line>
            <line>
              <![CDATA[The Response status code for Token generation API is:401]]>
            </line>
            <line>
              <![CDATA[The respone time is : 877 Milli seconds]]>
            </line>
            <line>
              <![CDATA[The response status code for post request is :401]]>
            </line>
            <line>
              <![CDATA[The S.No of test case executed is :475 &  Testcase id is: 7869 &  Number of repetition 1]]>
            </line>
            <line>
              <![CDATA[Get Role by name Respone code is  :401 VS Expected Response code is :200]]>
            </line>
            <line>
              <![CDATA[The S.No of test case about to execute :461 &  Testcase id is: 7948 &  Number of repetition 1]]>
            </line>
            <line>
              <![CDATA[++++the parameterixdd body+++{   
    "description": "{{Role_Description}}",
    "members": [
        "{{Members}}"
        
            ]
}]]>
            </line>
            <line>
              <![CDATA[Parameterized Json Request Body is :: {   
    "description": "",
    "members": [
        "sheetal.arveti@in.abb.com"
        
            ]
}]]>
            </line>
            <line>
              <![CDATA[++++the end point url before paramaterized+++/api/role/{{Role_Name}}]]>
            </line>
            <line>
              <![CDATA[Parameterized end point url  is :: /api/role/Automation1]]>
            </line>
            <line>
              <![CDATA[++++++The parameterized url ::++++++ /api/role/Automation1]]>
            </line>
            <line>
              <![CDATA[The API URL is: https://genix-qe-r02.westeurope.cloudapp.azure.com/ph//api/role/Automation1]]>
            </line>
            <line>
              <![CDATA[The Token Response time is:1553 Milli seconds]]>
            </line>
            <line>
              <![CDATA[The Response status code for Token generation API is:401]]>
            </line>
            <line>
              <![CDATA[The respone time is : 687 Milli seconds]]>
            </line>
            <line>
              <![CDATA[The response status code for post request is :401]]>
            </line>
            <line>
              <![CDATA[The S.No of test case executed is :461 &  Testcase id is: 7948 &  Number of repetition 1]]>
            </line>
            <line>
              <![CDATA[Update role Respone code is  :401 VS Expected Response code is :400]]>
            </line>
            <line>
              <![CDATA[The S.No of test case about to execute :467 &  Testcase id is: 7947 &  Number of repetition 1]]>
            </line>
            <line>
              <![CDATA[++++the parameterixdd body+++{   
    "description": "{{Role_Description}}",
    "members": [
        "{{Members}}"
        
            ]
}]]>
            </line>
            <line>
              <![CDATA[Parameterized Json Request Body is :: {   
    "description": "Automation1",
    "members": [
        "sheetal.arveti@in.abb.com","kundan.lal@in.abb.com"
        
            ]
}]]>
            </line>
            <line>
              <![CDATA[++++the end point url before paramaterized+++/api/role/{{Role_Name}}]]>
            </line>
            <line>
              <![CDATA[Parameterized end point url  is :: /api/role/Automation1]]>
            </line>
            <line>
              <![CDATA[++++++The parameterized url ::++++++ /api/role/Automation1]]>
            </line>
            <line>
              <![CDATA[The API URL is: https://genix-qe-r02.westeurope.cloudapp.azure.com/ph//api/role/Automation1]]>
            </line>
            <line>
              <![CDATA[The Token Response time is:945 Milli seconds]]>
            </line>
            <line>
              <![CDATA[The Response status code for Token generation API is:401]]>
            </line>
            <line>
              <![CDATA[The respone time is : 687 Milli seconds]]>
            </line>
            <line>
              <![CDATA[The response status code for post request is :401]]>
            </line>
            <line>
              <![CDATA[The S.No of test case executed is :467 &  Testcase id is: 7947 &  Number of repetition 1]]>
            </line>
            <line>
              <![CDATA[Update role Respone code is  :401 VS Expected Response code is :200]]>
            </line>
            <line>
              <![CDATA[The S.No of test case about to execute :468 &  Testcase id is: 14 &  Number of repetition 1]]>
            </line>
            <line>
              <![CDATA[++++the parameterixdd body+++{   
    "description": "{{Role_Description}}",
    "members": [
        "{{Members}}"
        
            ]
}]]>
            </line>
            <line>
              <![CDATA[Parameterized Json Request Body is :: {   
    "description": "Automation1",
    "members": [
        ""
        
            ]
}]]>
            </line>
            <line>
              <![CDATA[++++the end point url before paramaterized+++/api/role/{{Role_Name}}]]>
            </line>
            <line>
              <![CDATA[Parameterized end point url  is :: /api/role/Automation1]]>
            </line>
            <line>
              <![CDATA[++++++The parameterized url ::++++++ /api/role/Automation1]]>
            </line>
            <line>
              <![CDATA[The API URL is: https://genix-qe-r02.westeurope.cloudapp.azure.com/ph//api/role/Automation1]]>
            </line>
            <line>
              <![CDATA[The Token Response time is:1297 Milli seconds]]>
            </line>
            <line>
              <![CDATA[The Response status code for Token generation API is:401]]>
            </line>
            <line>
              <![CDATA[The respone time is : 797 Milli seconds]]>
            </line>
            <line>
              <![CDATA[The response status code for post request is :401]]>
            </line>
            <line>
              <![CDATA[The S.No of test case executed is :468 &  Testcase id is: 14 &  Number of repetition 1]]>
            </line>
            <line>
              <![CDATA[Update role Respone code is  :401 VS Expected Response code is :400]]>
            </line>
            <line>
              <![CDATA[The S.No of test case about to execute :469 &  Testcase id is: 7951 &  Number of repetition 1]]>
            </line>
            <line>
              <![CDATA[++++the parameterixdd body+++{   
    "description": "{{Role_Description}}",
    "members": [
        "{{Members}}"
        
            ]
}]]>
            </line>
            <line>
              <![CDATA[Parameterized Json Request Body is :: {   
    "description": "Automation1",
    "members": [
        ""
        
            ]
}]]>
            </line>
            <line>
              <![CDATA[++++the end point url before paramaterized+++/api/role/{{Role_Name}}]]>
            </line>
            <line>
              <![CDATA[Parameterized end point url  is :: /api/role/Automation1]]>
            </line>
            <line>
              <![CDATA[++++++The parameterized url ::++++++ /api/role/Automation1]]>
            </line>
            <line>
              <![CDATA[The API URL is: https://genix-qe-r02.westeurope.cloudapp.azure.com/ph//api/role/Automation1]]>
            </line>
            <line>
              <![CDATA[The Token Response time is:955 Milli seconds]]>
            </line>
            <line>
              <![CDATA[The Response status code for Token generation API is:401]]>
            </line>
            <line>
              <![CDATA[The respone time is : 686 Milli seconds]]>
            </line>
            <line>
              <![CDATA[The response status code for post request is :401]]>
            </line>
            <line>
              <![CDATA[The S.No of test case executed is :469 &  Testcase id is: 7951 &  Number of repetition 1]]>
            </line>
            <line>
              <![CDATA[Update role Respone code is  :401 VS Expected Response code is :400]]>
            </line>
            <line>
              <![CDATA[The S.No of test case about to execute :471 &  Testcase id is: 7952 &  Number of repetition 1]]>
            </line>
            <line>
              <![CDATA[++++the parameterixdd body+++[
{ 
"AppId" : "{{App_ID}}",
"permissions" : [{{permissions}}]
}
]]]>
            </line>
            <line>
              <![CDATA[Parameterized Json Request Body is :: [
{ 
"AppId" : "dias-system",
"permissions" : ["0150","0200","0201","0202","0250","0300","0301"]
}
]]]>
            </line>
            <line>
              <![CDATA[++++the end point url before paramaterized+++/api/role/{{Role_Name}}/permissions]]>
            </line>
            <line>
              <![CDATA[Parameterized end point url  is :: /api/role/Automation1/permissions]]>
            </line>
            <line>
              <![CDATA[++++++The parameterized url ::++++++ /api/role/Automation1/permissions]]>
            </line>
            <line>
              <![CDATA[The API URL is: https://genix-qe-r02.westeurope.cloudapp.azure.com/ph//api/role/Automation1/permissions]]>
            </line>
            <line>
              <![CDATA[The Token Response time is:1094 Milli seconds]]>
            </line>
            <line>
              <![CDATA[The Response status code for Token generation API is:401]]>
            </line>
            <line>
              <![CDATA[The respone time is : 658 Milli seconds]]>
            </line>
            <line>
              <![CDATA[The response status code for post request is :401]]>
            </line>
            <line>
              <![CDATA[The S.No of test case executed is :471 &  Testcase id is: 7952 &  Number of repetition 1]]>
            </line>
            <line>
              <![CDATA[Granting permissions to role Respone code is  :401 VS Expected Response code is :200]]>
            </line>
            <line>
              <![CDATA[The S.No of test case about to execute :472 &  Testcase id is: 7956 &  Number of repetition 1]]>
            </line>
            <line>
              <![CDATA[++++the parameterixdd body+++{
    "addOrRemove": true,
    "roles": [
        "{{Role_Name}}"
    ]
}]]>
            </line>
            <line>
              <![CDATA[Parameterized Json Request Body is :: {
    "addOrRemove": true,
    "roles": [
        "Automation2"
    ]
}]]>
            </line>
            <line>
              <![CDATA[++++the end point url before paramaterized+++/api/role/membership/{{User_ID}}]]>
            </line>
            <line>
              <![CDATA[Parameterized end point url  is :: /api/role/membership/manjunatha.m1@in.abb.com]]>
            </line>
            <line>
              <![CDATA[++++++The parameterized url ::++++++ /api/role/membership/manjunatha.m1@in.abb.com]]>
            </line>
            <line>
              <![CDATA[The API URL is: https://genix-qe-r02.westeurope.cloudapp.azure.com/ph//api/role/membership/manjunatha.m1@in.abb.com]]>
            </line>
            <line>
              <![CDATA[The Token Response time is:897 Milli seconds]]>
            </line>
            <line>
              <![CDATA[The Response status code for Token generation API is:401]]>
            </line>
            <line>
              <![CDATA[The respone time is : 636 Milli seconds]]>
            </line>
            <line>
              <![CDATA[The response status code for post request is :401]]>
            </line>
            <line>
              <![CDATA[The S.No of test case executed is :472 &  Testcase id is: 7956 &  Number of repetition 1]]>
            </line>
            <line>
              <![CDATA[Update role Membership for specific user Respone code is  :401 VS Expected Response code is :200]]>
            </line>
            <line>
              <![CDATA[The S.No of test case about to execute :473 &  Testcase id is: 7953 &  Number of repetition 1]]>
            </line>
            <line>
              <![CDATA[++++the parameterixdd body+++{
    "addOrRemove": true,
    "roles": [
        "{{Role_Name}}"
    ]
}]]>
            </line>
            <line>
              <![CDATA[Parameterized Json Request Body is :: {
    "addOrRemove": true,
    "roles": [
        "NonExistingRolename"
    ]
}]]>
            </line>
            <line>
              <![CDATA[++++the end point url before paramaterized+++/api/role/membership/{{User_ID}}]]>
            </line>
            <line>
              <![CDATA[Parameterized end point url  is :: /api/role/membership/manjunatha.m1@in.abb.com]]>
            </line>
            <line>
              <![CDATA[++++++The parameterized url ::++++++ /api/role/membership/manjunatha.m1@in.abb.com]]>
            </line>
            <line>
              <![CDATA[The API URL is: https://genix-qe-r02.westeurope.cloudapp.azure.com/ph//api/role/membership/manjunatha.m1@in.abb.com]]>
            </line>
            <line>
              <![CDATA[The Token Response time is:1180 Milli seconds]]>
            </line>
            <line>
              <![CDATA[The Response status code for Token generation API is:401]]>
            </line>
            <line>
              <![CDATA[The respone time is : 1066 Milli seconds]]>
            </line>
            <line>
              <![CDATA[The response status code for post request is :401]]>
            </line>
            <line>
              <![CDATA[The S.No of test case executed is :473 &  Testcase id is: 7953 &  Number of repetition 1]]>
            </line>
            <line>
              <![CDATA[Update role Membership for specific user Respone code is  :401 VS Expected Response code is :400]]>
            </line>
            <line>
              <![CDATA[The S.No of test case about to execute :474 &  Testcase id is: 7956 &  Number of repetition 1]]>
            </line>
            <line>
              <![CDATA[++++the parameterixdd body+++{
    "addOrRemove": true,
    "roles": [
        "{{Role_Name}}"
    ]
}]]>
            </line>
            <line>
              <![CDATA[Parameterized Json Request Body is :: {
    "addOrRemove": true,
    "roles": [
        ""
    ]
}]]>
            </line>
            <line>
              <![CDATA[++++the end point url before paramaterized+++/api/role/membership/{{User_ID}}]]>
            </line>
            <line>
              <![CDATA[Parameterized end point url  is :: /api/role/membership/manjunatha.m1@in.abb.com]]>
            </line>
            <line>
              <![CDATA[++++++The parameterized url ::++++++ /api/role/membership/manjunatha.m1@in.abb.com]]>
            </line>
            <line>
              <![CDATA[The API URL is: https://genix-qe-r02.westeurope.cloudapp.azure.com/ph//api/role/membership/manjunatha.m1@in.abb.com]]>
            </line>
            <line>
              <![CDATA[The Token Response time is:989 Milli seconds]]>
            </line>
            <line>
              <![CDATA[The Response status code for Token generation API is:401]]>
            </line>
            <line>
              <![CDATA[The respone time is : 895 Milli seconds]]>
            </line>
            <line>
              <![CDATA[The response status code for post request is :401]]>
            </line>
            <line>
              <![CDATA[The S.No of test case executed is :474 &  Testcase id is: 7956 &  Number of repetition 1]]>
            </line>
            <line>
              <![CDATA[Update role Membership for specific user Respone code is  :401 VS Expected Response code is :400]]>
            </line>
            <line>
              <![CDATA[The S.No of test case about to execute :476 &  Testcase id is: 7955 &  Number of repetition 1]]>
            </line>
            <line>
              <![CDATA[++++the parameterixdd body+++]]>
            </line>
            <line>
              <![CDATA[Parameterized Json Request Body is :: ]]>
            </line>
            <line>
              <![CDATA[++++the end point url before paramaterized+++/api/role/membership/{{Role_Name}}]]>
            </line>
            <line>
              <![CDATA[Parameterized end point url  is :: /api/role/membership/all]]>
            </line>
            <line>
              <![CDATA[++++++The parameterized url ::++++++ /api/role/membership/all]]>
            </line>
            <line>
              <![CDATA[The API URL is: https://genix-qe-r02.westeurope.cloudapp.azure.com/ph//api/role/membership/all]]>
            </line>
            <line>
              <![CDATA[The Token Response time is:1148 Milli seconds]]>
            </line>
            <line>
              <![CDATA[The Response status code for Token generation API is:401]]>
            </line>
            <line>
              <![CDATA[The respone time is : 852 Milli seconds]]>
            </line>
            <line>
              <![CDATA[The response status code for post request is :401]]>
            </line>
            <line>
              <![CDATA[The S.No of test case executed is :476 &  Testcase id is: 7955 &  Number of repetition 1]]>
            </line>
            <line>
              <![CDATA[Get role memberships ALL users Respone code is  :401 VS Expected Response code is :200]]>
            </line>
            <line>
              <![CDATA[The S.No of test case about to execute :477 &  Testcase id is: 7949 &  Number of repetition 1]]>
            </line>
            <line>
              <![CDATA[++++the parameterixdd body+++]]>
            </line>
            <line>
              <![CDATA[Parameterized Json Request Body is :: ]]>
            </line>
            <line>
              <![CDATA[++++the end point url before paramaterized+++/api/role/{{Role_Name}}]]>
            </line>
            <line>
              <![CDATA[Parameterized end point url  is :: /api/role/Automation1]]>
            </line>
            <line>
              <![CDATA[++++++The parameterized url ::++++++ /api/role/Automation1]]>
            </line>
            <line>
              <![CDATA[The API URL is: https://genix-qe-r02.westeurope.cloudapp.azure.com/ph//api/role/Automation1]]>
            </line>
            <line>
              <![CDATA[The Token Response time is:1558 Milli seconds]]>
            </line>
            <line>
              <![CDATA[The Response status code for Token generation API is:401]]>
            </line>
            <line>
              <![CDATA[The respone time is : 808 Milli seconds]]>
            </line>
            <line>
              <![CDATA[The response status code for post request is :401]]>
            </line>
            <line>
              <![CDATA[The S.No of test case executed is :477 &  Testcase id is: 7949 &  Number of repetition 1]]>
            </line>
            <line>
              <![CDATA[Delete role Respone code is  :401 VS Expected Response code is :200]]>
            </line>
            <line>
              <![CDATA[The S.No of test case about to execute :478 &  Testcase id is: 7949 &  Number of repetition 1]]>
            </line>
            <line>
              <![CDATA[++++the parameterixdd body+++]]>
            </line>
            <line>
              <![CDATA[Parameterized Json Request Body is :: ]]>
            </line>
            <line>
              <![CDATA[++++the end point url before paramaterized+++/api/role/{{Role_Name}}]]>
            </line>
            <line>
              <![CDATA[Parameterized end point url  is :: /api/role/Automation2]]>
            </line>
            <line>
              <![CDATA[++++++The parameterized url ::++++++ /api/role/Automation2]]>
            </line>
            <line>
              <![CDATA[The API URL is: https://genix-qe-r02.westeurope.cloudapp.azure.com/ph//api/role/Automation2]]>
            </line>
            <line>
              <![CDATA[The Token Response time is:1099 Milli seconds]]>
            </line>
            <line>
              <![CDATA[The Response status code for Token generation API is:401]]>
            </line>
            <line>
              <![CDATA[The respone time is : 1003 Milli seconds]]>
            </line>
            <line>
              <![CDATA[The response status code for post request is :401]]>
            </line>
            <line>
              <![CDATA[The S.No of test case executed is :478 &  Testcase id is: 7949 &  Number of repetition 1]]>
            </line>
            <line>
              <![CDATA[Delete role Respone code is  :401 VS Expected Response code is :200]]>
            </line>
            <line>
              <![CDATA[The S.No of test case about to execute :479 &  Testcase id is: 7950 &  Number of repetition 1]]>
            </line>
            <line>
              <![CDATA[++++the parameterixdd body+++]]>
            </line>
            <line>
              <![CDATA[Parameterized Json Request Body is :: ]]>
            </line>
            <line>
              <![CDATA[++++the end point url before paramaterized+++/api/role/{{Role_Name}}]]>
            </line>
            <line>
              <![CDATA[Parameterized end point url  is :: /api/role/DeleteRole]]>
            </line>
            <line>
              <![CDATA[++++++The parameterized url ::++++++ /api/role/DeleteRole]]>
            </line>
            <line>
              <![CDATA[The API URL is: https://genix-qe-r02.westeurope.cloudapp.azure.com/ph//api/role/DeleteRole]]>
            </line>
            <line>
              <![CDATA[The Token Response time is:1059 Milli seconds]]>
            </line>
            <line>
              <![CDATA[The Response status code for Token generation API is:401]]>
            </line>
            <line>
              <![CDATA[The respone time is : 1200 Milli seconds]]>
            </line>
            <line>
              <![CDATA[The response status code for post request is :401]]>
            </line>
            <line>
              <![CDATA[The S.No of test case executed is :479 &  Testcase id is: 7950 &  Number of repetition 1]]>
            </line>
            <line>
              <![CDATA[Delete role Respone code is  :401 VS Expected Response code is :404]]>
            </line>
          </reporter-output>
        </test-method> <!-- runtest -->
        <test-method status="PASS" signature="afterMethod(org.testng.ITestResult, java.lang.reflect.Method)[pri:0, instance:com.abb.dias.api.automation.test.kshtest.KshApiServicesExecutionTest@6a78afa0]" name="afterMethod" is-config="true" duration-ms="3" started-at="2021-02-02T10:00:43Z" finished-at="2021-02-02T10:00:43Z">
          <params>
            <param index="0">
              <value>
                <![CDATA[[TestResult name=runtest status=SUCCESS method=KshApiServicesExecutionTest.runtest(java.lang.String)[pri:0, instance:com.abb.dias.api.automation.test.kshtest.KshApiServicesExecutionTest@6a78afa0] output=kSH Api services Execution has started]]]>
              </value>
            </param>
            <param index="1">
              <value>
                <![CDATA[public void com.abb.dias.api.automation.test.kshtest.KshApiServicesExecutionTest.runtest(java.lang.String) throws java.lang.InterruptedException]]>
              </value>
            </param>
          </params>
          <reporter-output>
          </reporter-output>
        </test-method> <!-- afterMethod -->
        <test-method status="PASS" signature="aftertest()[pri:0, instance:com.abb.dias.api.automation.test.kshtest.KshApiServicesExecutionTest@6a78afa0]" name="aftertest" is-config="true" duration-ms="1189" started-at="2021-02-02T10:00:43Z" finished-at="2021-02-02T10:00:44Z">
          <reporter-output>
          </reporter-output>
        </test-method> <!-- aftertest -->
      </class> <!-- com.abb.dias.api.automation.test.kshtest.KshApiServicesExecutionTest -->
    </test> <!-- Test1 -->
  </suite> <!-- Suite -->
</testng-results>
